[2020-04-14 17:17:06,652] multiqc                                            [DEBUG  ]  No MultiQC config found: /opt/software/MultiQC/1.7-foss-2018b-Python-2.7.15/lib/python2.7/site-packages/multiqc_config.yaml
[2020-04-14 17:17:06,652] multiqc                                            [DEBUG  ]  No MultiQC config found: /home/meschedl/.multiqc_config.yaml
[2020-04-14 17:17:06,654] multiqc                                            [DEBUG  ]  No MultiQC config found: multiqc_config.yaml
[2020-04-14 17:17:06,654] multiqc                                            [DEBUG  ]  Command used: /opt/software/MultiQC/1.7-foss-2018b-Python-2.7.15/bin/multiqc HY_29_4CA_S54_L005_R1_001_fastqc.zip HY_29_4CB_S62_L006_R1_001_fastqc.zip HY_29_4CC_S69_L006_R1_001_fastqc.zip HY_29_BA_S7_L001_R1_001_fastqc.zip HY_29_BB_S15_L002_R1_001_fastqc.zip HY_29_BC_S23_L002_R1_001_fastqc.zip HY_29_GA_S55_L005_R1_001_fastqc.zip HY_29_GB_S63_L006_R1_001_fastqc.zip HY_29_G_B_S91_L008_R1_001_fastqc.zip HY_29_GC_S70_L006_R1_001_fastqc.zip HY_29_LA_S8_L001_R1_001_fastqc.zip HY_29_LB_S16_L002_R1_001_fastqc.zip HY_29_LC_S24_L002_R1_001_fastqc.zip HY_33_4CA_S30_L003_R1_001_fastqc.zip HY_33_4CB_S38_L004_R1_001_fastqc.zip HY_33_4CC_S46_L004_R1_001_fastqc.zip HY_33_BA_S76_L007_R1_001_fastqc.zip HY_33_BB_S83_L008_R1_001_fastqc.zip HY_33_BC_S89_L008_R1_001_fastqc.zip HY_33_GA_S31_L003_R1_001_fastqc.zip HY_33_GB_S39_L004_R1_001_fastqc.zip HY_33_GC_S47_L004_R1_001_fastqc.zip HY_33_LA_S77_L007_R1_001_fastqc.zip HY_33_LC_S90_L008_R1_001_fastqc.zip
[2020-04-14 17:17:07,379] multiqc                                            [WARNING]  MultiQC Version v1.8 now available!
[2020-04-14 17:17:07,380] multiqc                                            [INFO   ]  This is MultiQC v1.7
[2020-04-14 17:17:07,380] multiqc                                            [DEBUG  ]  Command     : /opt/software/MultiQC/1.7-foss-2018b-Python-2.7.15/bin/multiqc HY_29_4CA_S54_L005_R1_001_fastqc.zip HY_29_4CB_S62_L006_R1_001_fastqc.zip HY_29_4CC_S69_L006_R1_001_fastqc.zip HY_29_BA_S7_L001_R1_001_fastqc.zip HY_29_BB_S15_L002_R1_001_fastqc.zip HY_29_BC_S23_L002_R1_001_fastqc.zip HY_29_GA_S55_L005_R1_001_fastqc.zip HY_29_GB_S63_L006_R1_001_fastqc.zip HY_29_G_B_S91_L008_R1_001_fastqc.zip HY_29_GC_S70_L006_R1_001_fastqc.zip HY_29_LA_S8_L001_R1_001_fastqc.zip HY_29_LB_S16_L002_R1_001_fastqc.zip HY_29_LC_S24_L002_R1_001_fastqc.zip HY_33_4CA_S30_L003_R1_001_fastqc.zip HY_33_4CB_S38_L004_R1_001_fastqc.zip HY_33_4CC_S46_L004_R1_001_fastqc.zip HY_33_BA_S76_L007_R1_001_fastqc.zip HY_33_BB_S83_L008_R1_001_fastqc.zip HY_33_BC_S89_L008_R1_001_fastqc.zip HY_33_GA_S31_L003_R1_001_fastqc.zip HY_33_GB_S39_L004_R1_001_fastqc.zip HY_33_GC_S47_L004_R1_001_fastqc.zip HY_33_LA_S77_L007_R1_001_fastqc.zip HY_33_LC_S90_L008_R1_001_fastqc.zip
[2020-04-14 17:17:07,380] multiqc                                            [DEBUG  ]  Working dir : /data/pradalab/meschedl/Echinometra/data-QC/HY-before
[2020-04-14 17:17:07,380] multiqc                                            [INFO   ]  Template    : default
[2020-04-14 17:17:07,381] multiqc                                            [INFO   ]  Searching 'HY_29_4CA_S54_L005_R1_001_fastqc.zip'
[2020-04-14 17:17:07,381] multiqc                                            [INFO   ]  Searching 'HY_29_4CB_S62_L006_R1_001_fastqc.zip'
[2020-04-14 17:17:07,381] multiqc                                            [INFO   ]  Searching 'HY_29_4CC_S69_L006_R1_001_fastqc.zip'
[2020-04-14 17:17:07,381] multiqc                                            [INFO   ]  Searching 'HY_29_BA_S7_L001_R1_001_fastqc.zip'
[2020-04-14 17:17:07,381] multiqc                                            [INFO   ]  Searching 'HY_29_BB_S15_L002_R1_001_fastqc.zip'
[2020-04-14 17:17:07,382] multiqc                                            [INFO   ]  Searching 'HY_29_BC_S23_L002_R1_001_fastqc.zip'
[2020-04-14 17:17:07,382] multiqc                                            [INFO   ]  Searching 'HY_29_GA_S55_L005_R1_001_fastqc.zip'
[2020-04-14 17:17:07,382] multiqc                                            [INFO   ]  Searching 'HY_29_GB_S63_L006_R1_001_fastqc.zip'
[2020-04-14 17:17:07,382] multiqc                                            [INFO   ]  Searching 'HY_29_G_B_S91_L008_R1_001_fastqc.zip'
[2020-04-14 17:17:07,383] multiqc                                            [INFO   ]  Searching 'HY_29_GC_S70_L006_R1_001_fastqc.zip'
[2020-04-14 17:17:07,383] multiqc                                            [INFO   ]  Searching 'HY_29_LA_S8_L001_R1_001_fastqc.zip'
[2020-04-14 17:17:07,383] multiqc                                            [INFO   ]  Searching 'HY_29_LB_S16_L002_R1_001_fastqc.zip'
[2020-04-14 17:17:07,383] multiqc                                            [INFO   ]  Searching 'HY_29_LC_S24_L002_R1_001_fastqc.zip'
[2020-04-14 17:17:07,383] multiqc                                            [INFO   ]  Searching 'HY_33_4CA_S30_L003_R1_001_fastqc.zip'
[2020-04-14 17:17:07,384] multiqc                                            [INFO   ]  Searching 'HY_33_4CB_S38_L004_R1_001_fastqc.zip'
[2020-04-14 17:17:07,384] multiqc                                            [INFO   ]  Searching 'HY_33_4CC_S46_L004_R1_001_fastqc.zip'
[2020-04-14 17:17:07,384] multiqc                                            [INFO   ]  Searching 'HY_33_BA_S76_L007_R1_001_fastqc.zip'
[2020-04-14 17:17:07,384] multiqc                                            [INFO   ]  Searching 'HY_33_BB_S83_L008_R1_001_fastqc.zip'
[2020-04-14 17:17:07,384] multiqc                                            [INFO   ]  Searching 'HY_33_BC_S89_L008_R1_001_fastqc.zip'
[2020-04-14 17:17:07,385] multiqc                                            [INFO   ]  Searching 'HY_33_GA_S31_L003_R1_001_fastqc.zip'
[2020-04-14 17:17:07,385] multiqc                                            [INFO   ]  Searching 'HY_33_GB_S39_L004_R1_001_fastqc.zip'
[2020-04-14 17:17:07,385] multiqc                                            [INFO   ]  Searching 'HY_33_GC_S47_L004_R1_001_fastqc.zip'
[2020-04-14 17:17:07,385] multiqc                                            [INFO   ]  Searching 'HY_33_LA_S77_L007_R1_001_fastqc.zip'
[2020-04-14 17:17:07,385] multiqc                                            [INFO   ]  Searching 'HY_33_LC_S90_L008_R1_001_fastqc.zip'
[2020-04-14 17:17:07,386] multiqc                                            [DEBUG  ]  Analysing modules: custom_content, conpair, peddy, methylQA, phantompeakqualtools, qualimap, preseq, quast, qorts, rna_seqc, rsem, rseqc, busco, goleft_indexcov, disambiguate, supernova, deeptools, sargasso, verifybamid, mirtrace, happy, homer, macs2, theta2, snpeff, gatk, htseq, bcftools, featureCounts, dedup, damageprofiler, picard, prokka, samblaster, samtools, bamtools, jellyfish, vcftools, longranger, stacks, bbmap, bismark, biscuit, hicexplorer, hicup, hicpro, salmon, kallisto, slamdunk, star, hisat2, tophat, bowtie2, bowtie1, kat, leehom, adapterRemoval, clipandmerge, cutadapt, flexbar, trimmomatic, skewer, sortmerna, biobloomtools, fastq_screen, afterqc, fastp, fastqc, minionqc, clusterflow, bcl2fastq, interop, flash
[2020-04-14 17:17:07,386] multiqc                                            [DEBUG  ]  Using temporary directory for creating report: /tmp/tmpUZIq68
[2020-04-14 17:17:07,795] multiqc                                            [DEBUG  ]  No samples found: custom_content
[2020-04-14 17:17:07,801] multiqc                                            [DEBUG  ]  No samples found: conpair
[2020-04-14 17:17:07,806] multiqc                                            [DEBUG  ]  No samples found: peddy
[2020-04-14 17:17:07,812] multiqc                                            [DEBUG  ]  No samples found: methylQA
[2020-04-14 17:17:07,817] multiqc                                            [DEBUG  ]  No samples found: phantompeakqualtools
[2020-04-14 17:17:07,823] multiqc                                            [DEBUG  ]  No samples found: qualimap
[2020-04-14 17:17:07,828] multiqc                                            [DEBUG  ]  No samples found: preseq
[2020-04-14 17:17:07,834] multiqc                                            [DEBUG  ]  No samples found: quast
[2020-04-14 17:17:07,839] multiqc                                            [DEBUG  ]  No samples found: qorts
[2020-04-14 17:17:07,845] multiqc                                            [DEBUG  ]  No samples found: rna_seqc
[2020-04-14 17:17:07,850] multiqc                                            [DEBUG  ]  No samples found: rsem
[2020-04-14 17:17:07,856] multiqc                                            [DEBUG  ]  No samples found: rseqc
[2020-04-14 17:17:07,862] multiqc                                            [DEBUG  ]  No samples found: busco
[2020-04-14 17:17:07,867] multiqc                                            [DEBUG  ]  No samples found: goleft_indexcov
[2020-04-14 17:17:07,872] multiqc                                            [DEBUG  ]  No samples found: disambiguate
[2020-04-14 17:17:07,878] multiqc                                            [DEBUG  ]  No samples found: supernova
[2020-04-14 17:17:07,885] multiqc                                            [DEBUG  ]  No samples found: deeptools
[2020-04-14 17:17:07,890] multiqc                                            [DEBUG  ]  No samples found: sargasso
[2020-04-14 17:17:07,895] multiqc                                            [DEBUG  ]  No samples found: verifybamid
[2020-04-14 17:17:07,901] multiqc                                            [DEBUG  ]  No samples found: mirtrace
[2020-04-14 17:17:07,906] multiqc                                            [DEBUG  ]  No samples found: happy
[2020-04-14 17:17:07,912] multiqc                                            [DEBUG  ]  No samples found: homer
[2020-04-14 17:17:07,918] multiqc                                            [DEBUG  ]  No samples found: macs2
[2020-04-14 17:17:07,923] multiqc                                            [DEBUG  ]  No samples found: theta2
[2020-04-14 17:17:07,928] multiqc                                            [DEBUG  ]  No samples found: snpeff
[2020-04-14 17:17:07,935] multiqc                                            [DEBUG  ]  No samples found: gatk
[2020-04-14 17:17:07,940] multiqc                                            [DEBUG  ]  No samples found: htseq
[2020-04-14 17:17:07,945] multiqc                                            [DEBUG  ]  No samples found: bcftools
[2020-04-14 17:17:07,951] multiqc                                            [DEBUG  ]  No samples found: featureCounts
[2020-04-14 17:17:07,956] multiqc                                            [DEBUG  ]  No samples found: dedup
[2020-04-14 17:17:07,961] multiqc                                            [DEBUG  ]  No samples found: damageprofiler
[2020-04-14 17:17:07,969] multiqc                                            [DEBUG  ]  No samples found: picard
[2020-04-14 17:17:07,974] multiqc                                            [DEBUG  ]  No samples found: prokka
[2020-04-14 17:17:07,979] multiqc                                            [DEBUG  ]  No samples found: samblaster
[2020-04-14 17:17:07,985] multiqc                                            [DEBUG  ]  No samples found: samtools
[2020-04-14 17:17:07,991] multiqc                                            [DEBUG  ]  No samples found: bamtools
[2020-04-14 17:17:07,996] multiqc                                            [DEBUG  ]  No samples found: jellyfish
[2020-04-14 17:17:08,002] multiqc                                            [DEBUG  ]  No samples found: vcftools
[2020-04-14 17:17:08,007] multiqc                                            [DEBUG  ]  No samples found: longranger
[2020-04-14 17:17:08,013] multiqc                                            [DEBUG  ]  No samples found: stacks
[2020-04-14 17:17:08,020] multiqc                                            [DEBUG  ]  No samples found: bbmap
[2020-04-14 17:17:08,026] multiqc                                            [DEBUG  ]  No samples found: bismark
[2020-04-14 17:17:08,031] multiqc                                            [DEBUG  ]  No samples found: biscuit
[2020-04-14 17:17:08,037] multiqc                                            [DEBUG  ]  No samples found: hicexplorer
[2020-04-14 17:17:08,042] multiqc                                            [DEBUG  ]  No samples found: hicup
[2020-04-14 17:17:08,047] multiqc                                            [DEBUG  ]  No samples found: hicpro
[2020-04-14 17:17:08,053] multiqc                                            [DEBUG  ]  No samples found: salmon
[2020-04-14 17:17:08,058] multiqc                                            [DEBUG  ]  No samples found: kallisto
[2020-04-14 17:17:08,064] multiqc                                            [DEBUG  ]  No samples found: slamdunk
[2020-04-14 17:17:08,069] multiqc                                            [DEBUG  ]  No samples found: star
[2020-04-14 17:17:08,075] multiqc                                            [DEBUG  ]  No samples found: hisat2
[2020-04-14 17:17:08,080] multiqc                                            [DEBUG  ]  No samples found: tophat
[2020-04-14 17:17:08,086] multiqc                                            [DEBUG  ]  No samples found: bowtie2
[2020-04-14 17:17:08,091] multiqc                                            [DEBUG  ]  No samples found: bowtie1
[2020-04-14 17:17:08,096] multiqc                                            [DEBUG  ]  No samples found: kat
[2020-04-14 17:17:08,101] multiqc                                            [DEBUG  ]  No samples found: leehom
[2020-04-14 17:17:08,107] multiqc                                            [DEBUG  ]  No samples found: adapterRemoval
[2020-04-14 17:17:08,112] multiqc                                            [DEBUG  ]  No samples found: clipandmerge
[2020-04-14 17:17:08,118] multiqc                                            [DEBUG  ]  No samples found: cutadapt
[2020-04-14 17:17:08,123] multiqc                                            [DEBUG  ]  No samples found: flexbar
[2020-04-14 17:17:08,128] multiqc                                            [DEBUG  ]  No samples found: trimmomatic
[2020-04-14 17:17:08,134] multiqc                                            [DEBUG  ]  No samples found: skewer
[2020-04-14 17:17:08,139] multiqc                                            [DEBUG  ]  No samples found: sortmerna
[2020-04-14 17:17:08,144] multiqc                                            [DEBUG  ]  No samples found: biobloomtools
[2020-04-14 17:17:08,150] multiqc                                            [DEBUG  ]  No samples found: fastq_screen
[2020-04-14 17:17:08,155] multiqc                                            [DEBUG  ]  No samples found: afterqc
[2020-04-14 17:17:08,160] multiqc                                            [DEBUG  ]  No samples found: fastp
[2020-04-14 17:17:13,128] multiqc.modules.fastqc.fastqc                      [INFO   ]  Found 24 reports
[2020-04-14 17:17:15,083] multiqc                                            [DEBUG  ]  No samples found: minionqc
[2020-04-14 17:17:15,089] multiqc                                            [DEBUG  ]  No samples found: clusterflow
[2020-04-14 17:17:15,094] multiqc                                            [DEBUG  ]  No samples found: bcl2fastq
[2020-04-14 17:17:15,100] multiqc                                            [DEBUG  ]  No samples found: interop
[2020-04-14 17:17:15,106] multiqc                                            [DEBUG  ]  No samples found: flash
[2020-04-14 17:17:15,150] multiqc                                            [INFO   ]  Compressing plot data
[2020-04-14 17:17:16,753] multiqc                                            [INFO   ]  Report      : multiqc_report.html
[2020-04-14 17:17:16,753] multiqc                                            [INFO   ]  Data        : multiqc_data
[2020-04-14 17:17:16,944] multiqc                                            [DEBUG  ]  Moving data file from '/tmp/tmpUZIq68/multiqc_data/multiqc_sources.txt' to '/data/pradalab/meschedl/Echinometra/data-QC/HY-before/multiqc_data'
[2020-04-14 17:17:16,980] multiqc                                            [DEBUG  ]  Moving data file from '/tmp/tmpUZIq68/multiqc_data/multiqc_general_stats.txt' to '/data/pradalab/meschedl/Echinometra/data-QC/HY-before/multiqc_data'
[2020-04-14 17:17:17,027] multiqc                                            [DEBUG  ]  Moving data file from '/tmp/tmpUZIq68/multiqc_data/multiqc_data.json' to '/data/pradalab/meschedl/Echinometra/data-QC/HY-before/multiqc_data'
[2020-04-14 17:17:17,066] multiqc                                            [DEBUG  ]  Moving data file from '/tmp/tmpUZIq68/multiqc_data/multiqc_fastqc.txt' to '/data/pradalab/meschedl/Echinometra/data-QC/HY-before/multiqc_data'
[2020-04-14 17:17:17,329] multiqc                                            [INFO   ]  MultiQC complete
