To execute Trimmomatic run: java -jar $EBROOTTRIMMOMATIC/trimmomatic-0.38.jar

TrimmomaticSE: Started with arguments:
 EL_29_4_C1_S49_L005_R1_001.fastq.gz EL_29_4_C1_S49_L005_R1_001.fastq.gz.trim.fq.gz ILLUMINACLIP:TruSeq3-SE.fa:2:30:10 HEADCROP:11 SLIDINGWINDOW:4:5 LEADING:5 TRAILING:5 MINLEN:40
Automatically using 1 threads
Using Long Clipping Sequence: 'AGATCGGAAGAGCGTCGTGTAGGGAAAGAGTGTA'
Using Long Clipping Sequence: 'AGATCGGAAGAGCACACGTCTGAACTCCAGTCAC'
ILLUMINACLIP: Using 0 prefix pairs, 2 forward/reverse sequences, 0 forward only sequences, 0 reverse only sequences
Quality encoding detected as phred33
Input Reads: 36618721 Surviving: 36455935 (99.56%) Dropped: 162786 (0.44%)
TrimmomaticSE: Completed successfully
TrimmomaticSE: Started with arguments:
 EL_29_4_C2_S57_L005_R1_001.fastq.gz EL_29_4_C2_S57_L005_R1_001.fastq.gz.trim.fq.gz ILLUMINACLIP:TruSeq3-SE.fa:2:30:10 HEADCROP:11 SLIDINGWINDOW:4:5 LEADING:5 TRAILING:5 MINLEN:40
Automatically using 1 threads
Using Long Clipping Sequence: 'AGATCGGAAGAGCGTCGTGTAGGGAAAGAGTGTA'
Using Long Clipping Sequence: 'AGATCGGAAGAGCACACGTCTGAACTCCAGTCAC'
ILLUMINACLIP: Using 0 prefix pairs, 2 forward/reverse sequences, 0 forward only sequences, 0 reverse only sequences
Quality encoding detected as phred33
Input Reads: 33184431 Surviving: 33124319 (99.82%) Dropped: 60112 (0.18%)
TrimmomaticSE: Completed successfully
TrimmomaticSE: Started with arguments:
 EL_29_4_C3_S64_L006_R1_001.fastq.gz EL_29_4_C3_S64_L006_R1_001.fastq.gz.trim.fq.gz ILLUMINACLIP:TruSeq3-SE.fa:2:30:10 HEADCROP:11 SLIDINGWINDOW:4:5 LEADING:5 TRAILING:5 MINLEN:40
Automatically using 1 threads
Using Long Clipping Sequence: 'AGATCGGAAGAGCGTCGTGTAGGGAAAGAGTGTA'
Using Long Clipping Sequence: 'AGATCGGAAGAGCACACGTCTGAACTCCAGTCAC'
ILLUMINACLIP: Using 0 prefix pairs, 2 forward/reverse sequences, 0 forward only sequences, 0 reverse only sequences
Quality encoding detected as phred33
Input Reads: 40595657 Surviving: 40396214 (99.51%) Dropped: 199443 (0.49%)
TrimmomaticSE: Completed successfully
TrimmomaticSE: Started with arguments:
 EL_29_B1_S2_L001_R1_001.fastq.gz EL_29_B1_S2_L001_R1_001.fastq.gz.trim.fq.gz ILLUMINACLIP:TruSeq3-SE.fa:2:30:10 HEADCROP:11 SLIDINGWINDOW:4:5 LEADING:5 TRAILING:5 MINLEN:40
Automatically using 1 threads
Using Long Clipping Sequence: 'AGATCGGAAGAGCGTCGTGTAGGGAAAGAGTGTA'
Using Long Clipping Sequence: 'AGATCGGAAGAGCACACGTCTGAACTCCAGTCAC'
ILLUMINACLIP: Using 0 prefix pairs, 2 forward/reverse sequences, 0 forward only sequences, 0 reverse only sequences
Quality encoding detected as phred33
Input Reads: 28809204 Surviving: 28582481 (99.21%) Dropped: 226723 (0.79%)
TrimmomaticSE: Completed successfully
TrimmomaticSE: Started with arguments:
 EL_29_B2_S10_L001_R1_001.fastq.gz EL_29_B2_S10_L001_R1_001.fastq.gz.trim.fq.gz ILLUMINACLIP:TruSeq3-SE.fa:2:30:10 HEADCROP:11 SLIDINGWINDOW:4:5 LEADING:5 TRAILING:5 MINLEN:40
Automatically using 1 threads
Using Long Clipping Sequence: 'AGATCGGAAGAGCGTCGTGTAGGGAAAGAGTGTA'
Using Long Clipping Sequence: 'AGATCGGAAGAGCACACGTCTGAACTCCAGTCAC'
ILLUMINACLIP: Using 0 prefix pairs, 2 forward/reverse sequences, 0 forward only sequences, 0 reverse only sequences
Quality encoding detected as phred33
Input Reads: 31878538 Surviving: 31592902 (99.10%) Dropped: 285636 (0.90%)
TrimmomaticSE: Completed successfully
TrimmomaticSE: Started with arguments:
 EL_29_B3_S18_L002_R1_001.fastq.gz EL_29_B3_S18_L002_R1_001.fastq.gz.trim.fq.gz ILLUMINACLIP:TruSeq3-SE.fa:2:30:10 HEADCROP:11 SLIDINGWINDOW:4:5 LEADING:5 TRAILING:5 MINLEN:40
Automatically using 1 threads
Using Long Clipping Sequence: 'AGATCGGAAGAGCGTCGTGTAGGGAAAGAGTGTA'
Using Long Clipping Sequence: 'AGATCGGAAGAGCACACGTCTGAACTCCAGTCAC'
ILLUMINACLIP: Using 0 prefix pairs, 2 forward/reverse sequences, 0 forward only sequences, 0 reverse only sequences
Quality encoding detected as phred33
Input Reads: 25922081 Surviving: 25790886 (99.49%) Dropped: 131195 (0.51%)
TrimmomaticSE: Completed successfully
TrimmomaticSE: Started with arguments:
 EL_29_G1_S50_L005_R1_001.fastq.gz EL_29_G1_S50_L005_R1_001.fastq.gz.trim.fq.gz ILLUMINACLIP:TruSeq3-SE.fa:2:30:10 HEADCROP:11 SLIDINGWINDOW:4:5 LEADING:5 TRAILING:5 MINLEN:40
Automatically using 1 threads
Using Long Clipping Sequence: 'AGATCGGAAGAGCGTCGTGTAGGGAAAGAGTGTA'
Using Long Clipping Sequence: 'AGATCGGAAGAGCACACGTCTGAACTCCAGTCAC'
ILLUMINACLIP: Using 0 prefix pairs, 2 forward/reverse sequences, 0 forward only sequences, 0 reverse only sequences
Quality encoding detected as phred33
Input Reads: 29090693 Surviving: 29005615 (99.71%) Dropped: 85078 (0.29%)
TrimmomaticSE: Completed successfully
TrimmomaticSE: Started with arguments:
 EL_29_G2_S58_L005_R1_001.fastq.gz EL_29_G2_S58_L005_R1_001.fastq.gz.trim.fq.gz ILLUMINACLIP:TruSeq3-SE.fa:2:30:10 HEADCROP:11 SLIDINGWINDOW:4:5 LEADING:5 TRAILING:5 MINLEN:40
Automatically using 1 threads
Using Long Clipping Sequence: 'AGATCGGAAGAGCGTCGTGTAGGGAAAGAGTGTA'
Using Long Clipping Sequence: 'AGATCGGAAGAGCACACGTCTGAACTCCAGTCAC'
ILLUMINACLIP: Using 0 prefix pairs, 2 forward/reverse sequences, 0 forward only sequences, 0 reverse only sequences
Quality encoding detected as phred33
Input Reads: 31637073 Surviving: 31519261 (99.63%) Dropped: 117812 (0.37%)
TrimmomaticSE: Completed successfully
TrimmomaticSE: Started with arguments:
 EL_29_G3_S65_L006_R1_001.fastq.gz EL_29_G3_S65_L006_R1_001.fastq.gz.trim.fq.gz ILLUMINACLIP:TruSeq3-SE.fa:2:30:10 HEADCROP:11 SLIDINGWINDOW:4:5 LEADING:5 TRAILING:5 MINLEN:40
Automatically using 1 threads
Using Long Clipping Sequence: 'AGATCGGAAGAGCGTCGTGTAGGGAAAGAGTGTA'
Using Long Clipping Sequence: 'AGATCGGAAGAGCACACGTCTGAACTCCAGTCAC'
ILLUMINACLIP: Using 0 prefix pairs, 2 forward/reverse sequences, 0 forward only sequences, 0 reverse only sequences
Quality encoding detected as phred33
Input Reads: 44244853 Surviving: 42612324 (96.31%) Dropped: 1632529 (3.69%)
TrimmomaticSE: Completed successfully
TrimmomaticSE: Started with arguments:
 EL_29_L1_S3_L001_R1_001.fastq.gz EL_29_L1_S3_L001_R1_001.fastq.gz.trim.fq.gz ILLUMINACLIP:TruSeq3-SE.fa:2:30:10 HEADCROP:11 SLIDINGWINDOW:4:5 LEADING:5 TRAILING:5 MINLEN:40
Automatically using 1 threads
Using Long Clipping Sequence: 'AGATCGGAAGAGCGTCGTGTAGGGAAAGAGTGTA'
Using Long Clipping Sequence: 'AGATCGGAAGAGCACACGTCTGAACTCCAGTCAC'
ILLUMINACLIP: Using 0 prefix pairs, 2 forward/reverse sequences, 0 forward only sequences, 0 reverse only sequences
Quality encoding detected as phred33
Input Reads: 28623950 Surviving: 28360665 (99.08%) Dropped: 263285 (0.92%)
TrimmomaticSE: Completed successfully
TrimmomaticSE: Started with arguments:
 EL_29_L2_S11_L001_R1_001.fastq.gz EL_29_L2_S11_L001_R1_001.fastq.gz.trim.fq.gz ILLUMINACLIP:TruSeq3-SE.fa:2:30:10 HEADCROP:11 SLIDINGWINDOW:4:5 LEADING:5 TRAILING:5 MINLEN:40
Automatically using 1 threads
Using Long Clipping Sequence: 'AGATCGGAAGAGCGTCGTGTAGGGAAAGAGTGTA'
Using Long Clipping Sequence: 'AGATCGGAAGAGCACACGTCTGAACTCCAGTCAC'
ILLUMINACLIP: Using 0 prefix pairs, 2 forward/reverse sequences, 0 forward only sequences, 0 reverse only sequences
Quality encoding detected as phred33
Input Reads: 28156901 Surviving: 28105478 (99.82%) Dropped: 51423 (0.18%)
TrimmomaticSE: Completed successfully
TrimmomaticSE: Started with arguments:
 EL_29_L3_S19_L002_R1_001.fastq.gz EL_29_L3_S19_L002_R1_001.fastq.gz.trim.fq.gz ILLUMINACLIP:TruSeq3-SE.fa:2:30:10 HEADCROP:11 SLIDINGWINDOW:4:5 LEADING:5 TRAILING:5 MINLEN:40
Automatically using 1 threads
Using Long Clipping Sequence: 'AGATCGGAAGAGCGTCGTGTAGGGAAAGAGTGTA'
Using Long Clipping Sequence: 'AGATCGGAAGAGCACACGTCTGAACTCCAGTCAC'
ILLUMINACLIP: Using 0 prefix pairs, 2 forward/reverse sequences, 0 forward only sequences, 0 reverse only sequences
Quality encoding detected as phred33
Input Reads: 34181218 Surviving: 34126338 (99.84%) Dropped: 54880 (0.16%)
TrimmomaticSE: Completed successfully
TrimmomaticSE: Started with arguments:
 EL_33_4_C1_S25_L003_R1_001.fastq.gz EL_33_4_C1_S25_L003_R1_001.fastq.gz.trim.fq.gz ILLUMINACLIP:TruSeq3-SE.fa:2:30:10 HEADCROP:11 SLIDINGWINDOW:4:5 LEADING:5 TRAILING:5 MINLEN:40
Automatically using 1 threads
Using Long Clipping Sequence: 'AGATCGGAAGAGCGTCGTGTAGGGAAAGAGTGTA'
Using Long Clipping Sequence: 'AGATCGGAAGAGCACACGTCTGAACTCCAGTCAC'
ILLUMINACLIP: Using 0 prefix pairs, 2 forward/reverse sequences, 0 forward only sequences, 0 reverse only sequences
Quality encoding detected as phred33
Input Reads: 31538466 Surviving: 31421766 (99.63%) Dropped: 116700 (0.37%)
TrimmomaticSE: Completed successfully
TrimmomaticSE: Started with arguments:
 EL_33_4_C2_S33_L003_R1_001.fastq.gz EL_33_4_C2_S33_L003_R1_001.fastq.gz.trim.fq.gz ILLUMINACLIP:TruSeq3-SE.fa:2:30:10 HEADCROP:11 SLIDINGWINDOW:4:5 LEADING:5 TRAILING:5 MINLEN:40
Automatically using 1 threads
Using Long Clipping Sequence: 'AGATCGGAAGAGCGTCGTGTAGGGAAAGAGTGTA'
Using Long Clipping Sequence: 'AGATCGGAAGAGCACACGTCTGAACTCCAGTCAC'
ILLUMINACLIP: Using 0 prefix pairs, 2 forward/reverse sequences, 0 forward only sequences, 0 reverse only sequences
Quality encoding detected as phred33
Input Reads: 30280834 Surviving: 30212142 (99.77%) Dropped: 68692 (0.23%)
TrimmomaticSE: Completed successfully
TrimmomaticSE: Started with arguments:
 EL_33_4_C3_S41_L004_R1_001.fastq.gz EL_33_4_C3_S41_L004_R1_001.fastq.gz.trim.fq.gz ILLUMINACLIP:TruSeq3-SE.fa:2:30:10 HEADCROP:11 SLIDINGWINDOW:4:5 LEADING:5 TRAILING:5 MINLEN:40
Automatically using 1 threads
Using Long Clipping Sequence: 'AGATCGGAAGAGCGTCGTGTAGGGAAAGAGTGTA'
Using Long Clipping Sequence: 'AGATCGGAAGAGCACACGTCTGAACTCCAGTCAC'
ILLUMINACLIP: Using 0 prefix pairs, 2 forward/reverse sequences, 0 forward only sequences, 0 reverse only sequences
Quality encoding detected as phred33
Input Reads: 27024686 Surviving: 27005309 (99.93%) Dropped: 19377 (0.07%)
TrimmomaticSE: Completed successfully
TrimmomaticSE: Started with arguments:
 EL_33_B1_S72_L007_R1_001.fastq.gz EL_33_B1_S72_L007_R1_001.fastq.gz.trim.fq.gz ILLUMINACLIP:TruSeq3-SE.fa:2:30:10 HEADCROP:11 SLIDINGWINDOW:4:5 LEADING:5 TRAILING:5 MINLEN:40
Automatically using 1 threads
Using Long Clipping Sequence: 'AGATCGGAAGAGCGTCGTGTAGGGAAAGAGTGTA'
Using Long Clipping Sequence: 'AGATCGGAAGAGCACACGTCTGAACTCCAGTCAC'
ILLUMINACLIP: Using 0 prefix pairs, 2 forward/reverse sequences, 0 forward only sequences, 0 reverse only sequences
Quality encoding detected as phred33
Input Reads: 30278465 Surviving: 30136654 (99.53%) Dropped: 141811 (0.47%)
TrimmomaticSE: Completed successfully
TrimmomaticSE: Started with arguments:
 EL_33_B2_S79_L007_R1_001.fastq.gz EL_33_B2_S79_L007_R1_001.fastq.gz.trim.fq.gz ILLUMINACLIP:TruSeq3-SE.fa:2:30:10 HEADCROP:11 SLIDINGWINDOW:4:5 LEADING:5 TRAILING:5 MINLEN:40
Automatically using 1 threads
Using Long Clipping Sequence: 'AGATCGGAAGAGCGTCGTGTAGGGAAAGAGTGTA'
Using Long Clipping Sequence: 'AGATCGGAAGAGCACACGTCTGAACTCCAGTCAC'
ILLUMINACLIP: Using 0 prefix pairs, 2 forward/reverse sequences, 0 forward only sequences, 0 reverse only sequences
Quality encoding detected as phred33
Input Reads: 28078241 Surviving: 27916813 (99.43%) Dropped: 161428 (0.57%)
TrimmomaticSE: Completed successfully
TrimmomaticSE: Started with arguments:
 EL_33_B3_S85_L008_R1_001.fastq.gz EL_33_B3_S85_L008_R1_001.fastq.gz.trim.fq.gz ILLUMINACLIP:TruSeq3-SE.fa:2:30:10 HEADCROP:11 SLIDINGWINDOW:4:5 LEADING:5 TRAILING:5 MINLEN:40
Automatically using 1 threads
Using Long Clipping Sequence: 'AGATCGGAAGAGCGTCGTGTAGGGAAAGAGTGTA'
Using Long Clipping Sequence: 'AGATCGGAAGAGCACACGTCTGAACTCCAGTCAC'
ILLUMINACLIP: Using 0 prefix pairs, 2 forward/reverse sequences, 0 forward only sequences, 0 reverse only sequences
Quality encoding detected as phred33
Input Reads: 33099407 Surviving: 32994869 (99.68%) Dropped: 104538 (0.32%)
TrimmomaticSE: Completed successfully
TrimmomaticSE: Started with arguments:
 EL_33_G1_S26_L003_R1_001.fastq.gz EL_33_G1_S26_L003_R1_001.fastq.gz.trim.fq.gz ILLUMINACLIP:TruSeq3-SE.fa:2:30:10 HEADCROP:11 SLIDINGWINDOW:4:5 LEADING:5 TRAILING:5 MINLEN:40
Automatically using 1 threads
Using Long Clipping Sequence: 'AGATCGGAAGAGCGTCGTGTAGGGAAAGAGTGTA'
Using Long Clipping Sequence: 'AGATCGGAAGAGCACACGTCTGAACTCCAGTCAC'
ILLUMINACLIP: Using 0 prefix pairs, 2 forward/reverse sequences, 0 forward only sequences, 0 reverse only sequences
Quality encoding detected as phred33
Input Reads: 28303231 Surviving: 28052177 (99.11%) Dropped: 251054 (0.89%)
TrimmomaticSE: Completed successfully
TrimmomaticSE: Started with arguments:
 EL_33_G2_S34_L003_R1_001.fastq.gz EL_33_G2_S34_L003_R1_001.fastq.gz.trim.fq.gz ILLUMINACLIP:TruSeq3-SE.fa:2:30:10 HEADCROP:11 SLIDINGWINDOW:4:5 LEADING:5 TRAILING:5 MINLEN:40
Automatically using 1 threads
Using Long Clipping Sequence: 'AGATCGGAAGAGCGTCGTGTAGGGAAAGAGTGTA'
Using Long Clipping Sequence: 'AGATCGGAAGAGCACACGTCTGAACTCCAGTCAC'
ILLUMINACLIP: Using 0 prefix pairs, 2 forward/reverse sequences, 0 forward only sequences, 0 reverse only sequences
Quality encoding detected as phred33
Input Reads: 28241548 Surviving: 28160651 (99.71%) Dropped: 80897 (0.29%)
TrimmomaticSE: Completed successfully
TrimmomaticSE: Started with arguments:
 EL_33_G3_S42_L004_R1_001.fastq.gz EL_33_G3_S42_L004_R1_001.fastq.gz.trim.fq.gz ILLUMINACLIP:TruSeq3-SE.fa:2:30:10 HEADCROP:11 SLIDINGWINDOW:4:5 LEADING:5 TRAILING:5 MINLEN:40
Automatically using 1 threads
Using Long Clipping Sequence: 'AGATCGGAAGAGCGTCGTGTAGGGAAAGAGTGTA'
Using Long Clipping Sequence: 'AGATCGGAAGAGCACACGTCTGAACTCCAGTCAC'
ILLUMINACLIP: Using 0 prefix pairs, 2 forward/reverse sequences, 0 forward only sequences, 0 reverse only sequences
Quality encoding detected as phred33
Input Reads: 30971716 Surviving: 30806052 (99.47%) Dropped: 165664 (0.53%)
TrimmomaticSE: Completed successfully
TrimmomaticSE: Started with arguments:
 EL_33_L1_S73_L007_R1_001.fastq.gz EL_33_L1_S73_L007_R1_001.fastq.gz.trim.fq.gz ILLUMINACLIP:TruSeq3-SE.fa:2:30:10 HEADCROP:11 SLIDINGWINDOW:4:5 LEADING:5 TRAILING:5 MINLEN:40
Automatically using 1 threads
Using Long Clipping Sequence: 'AGATCGGAAGAGCGTCGTGTAGGGAAAGAGTGTA'
Using Long Clipping Sequence: 'AGATCGGAAGAGCACACGTCTGAACTCCAGTCAC'
ILLUMINACLIP: Using 0 prefix pairs, 2 forward/reverse sequences, 0 forward only sequences, 0 reverse only sequences
Quality encoding detected as phred33
Input Reads: 31963741 Surviving: 30736596 (96.16%) Dropped: 1227145 (3.84%)
TrimmomaticSE: Completed successfully
TrimmomaticSE: Started with arguments:
 EL_33_L2_S80_L007_R1_001.fastq.gz EL_33_L2_S80_L007_R1_001.fastq.gz.trim.fq.gz ILLUMINACLIP:TruSeq3-SE.fa:2:30:10 HEADCROP:11 SLIDINGWINDOW:4:5 LEADING:5 TRAILING:5 MINLEN:40
Automatically using 1 threads
Using Long Clipping Sequence: 'AGATCGGAAGAGCGTCGTGTAGGGAAAGAGTGTA'
Using Long Clipping Sequence: 'AGATCGGAAGAGCACACGTCTGAACTCCAGTCAC'
ILLUMINACLIP: Using 0 prefix pairs, 2 forward/reverse sequences, 0 forward only sequences, 0 reverse only sequences
Quality encoding detected as phred33
Input Reads: 37933339 Surviving: 36635094 (96.58%) Dropped: 1298245 (3.42%)
TrimmomaticSE: Completed successfully
TrimmomaticSE: Started with arguments:
 EL_33_L3_S86_L008_R1_001.fastq.gz EL_33_L3_S86_L008_R1_001.fastq.gz.trim.fq.gz ILLUMINACLIP:TruSeq3-SE.fa:2:30:10 HEADCROP:11 SLIDINGWINDOW:4:5 LEADING:5 TRAILING:5 MINLEN:40
Automatically using 1 threads
Using Long Clipping Sequence: 'AGATCGGAAGAGCGTCGTGTAGGGAAAGAGTGTA'
Using Long Clipping Sequence: 'AGATCGGAAGAGCACACGTCTGAACTCCAGTCAC'
ILLUMINACLIP: Using 0 prefix pairs, 2 forward/reverse sequences, 0 forward only sequences, 0 reverse only sequences
Quality encoding detected as phred33
Input Reads: 41480497 Surviving: 40048963 (96.55%) Dropped: 1431534 (3.45%)
TrimmomaticSE: Completed successfully
TrimmomaticSE: Started with arguments:
 EL_EGGS_1_S1_L001_R1_001.fastq.gz EL_EGGS_1_S1_L001_R1_001.fastq.gz.trim.fq.gz ILLUMINACLIP:TruSeq3-SE.fa:2:30:10 HEADCROP:11 SLIDINGWINDOW:4:5 LEADING:5 TRAILING:5 MINLEN:40
Automatically using 1 threads
Using Long Clipping Sequence: 'AGATCGGAAGAGCGTCGTGTAGGGAAAGAGTGTA'
Using Long Clipping Sequence: 'AGATCGGAAGAGCACACGTCTGAACTCCAGTCAC'
ILLUMINACLIP: Using 0 prefix pairs, 2 forward/reverse sequences, 0 forward only sequences, 0 reverse only sequences
Quality encoding detected as phred33
Input Reads: 28345942 Surviving: 28213378 (99.53%) Dropped: 132564 (0.47%)
TrimmomaticSE: Completed successfully
TrimmomaticSE: Started with arguments:
 EL_EGGS_2_S9_L001_R1_001.fastq.gz EL_EGGS_2_S9_L001_R1_001.fastq.gz.trim.fq.gz ILLUMINACLIP:TruSeq3-SE.fa:2:30:10 HEADCROP:11 SLIDINGWINDOW:4:5 LEADING:5 TRAILING:5 MINLEN:40
Automatically using 1 threads
Using Long Clipping Sequence: 'AGATCGGAAGAGCGTCGTGTAGGGAAAGAGTGTA'
Using Long Clipping Sequence: 'AGATCGGAAGAGCACACGTCTGAACTCCAGTCAC'
ILLUMINACLIP: Using 0 prefix pairs, 2 forward/reverse sequences, 0 forward only sequences, 0 reverse only sequences
Quality encoding detected as phred33
Input Reads: 31421146 Surviving: 31138688 (99.10%) Dropped: 282458 (0.90%)
TrimmomaticSE: Completed successfully
TrimmomaticSE: Started with arguments:
 EL_EGGS_3_S17_L002_R1_001.fastq.gz EL_EGGS_3_S17_L002_R1_001.fastq.gz.trim.fq.gz ILLUMINACLIP:TruSeq3-SE.fa:2:30:10 HEADCROP:11 SLIDINGWINDOW:4:5 LEADING:5 TRAILING:5 MINLEN:40
Automatically using 1 threads
Using Long Clipping Sequence: 'AGATCGGAAGAGCGTCGTGTAGGGAAAGAGTGTA'
Using Long Clipping Sequence: 'AGATCGGAAGAGCACACGTCTGAACTCCAGTCAC'
ILLUMINACLIP: Using 0 prefix pairs, 2 forward/reverse sequences, 0 forward only sequences, 0 reverse only sequences
Quality encoding detected as phred33
Input Reads: 28612659 Surviving: 28218649 (98.62%) Dropped: 394010 (1.38%)
TrimmomaticSE: Completed successfully
TrimmomaticSE: Started with arguments:
 EV_29_4C1_S4_L001_R1_001.fastq.gz EV_29_4C1_S4_L001_R1_001.fastq.gz.trim.fq.gz ILLUMINACLIP:TruSeq3-SE.fa:2:30:10 HEADCROP:11 SLIDINGWINDOW:4:5 LEADING:5 TRAILING:5 MINLEN:40
Automatically using 1 threads
Using Long Clipping Sequence: 'AGATCGGAAGAGCGTCGTGTAGGGAAAGAGTGTA'
Using Long Clipping Sequence: 'AGATCGGAAGAGCACACGTCTGAACTCCAGTCAC'
ILLUMINACLIP: Using 0 prefix pairs, 2 forward/reverse sequences, 0 forward only sequences, 0 reverse only sequences
Quality encoding detected as phred33
Input Reads: 26346820 Surviving: 26166590 (99.32%) Dropped: 180230 (0.68%)
TrimmomaticSE: Completed successfully
TrimmomaticSE: Started with arguments:
 EV_29_4C2_S12_L001_R1_001.fastq.gz EV_29_4C2_S12_L001_R1_001.fastq.gz.trim.fq.gz ILLUMINACLIP:TruSeq3-SE.fa:2:30:10 HEADCROP:11 SLIDINGWINDOW:4:5 LEADING:5 TRAILING:5 MINLEN:40
Automatically using 1 threads
Using Long Clipping Sequence: 'AGATCGGAAGAGCGTCGTGTAGGGAAAGAGTGTA'
Using Long Clipping Sequence: 'AGATCGGAAGAGCACACGTCTGAACTCCAGTCAC'
ILLUMINACLIP: Using 0 prefix pairs, 2 forward/reverse sequences, 0 forward only sequences, 0 reverse only sequences
Quality encoding detected as phred33
Input Reads: 30092470 Surviving: 30012248 (99.73%) Dropped: 80222 (0.27%)
TrimmomaticSE: Completed successfully
TrimmomaticSE: Started with arguments:
 EV_29_4C3_S20_L002_R1_001.fastq.gz EV_29_4C3_S20_L002_R1_001.fastq.gz.trim.fq.gz ILLUMINACLIP:TruSeq3-SE.fa:2:30:10 HEADCROP:11 SLIDINGWINDOW:4:5 LEADING:5 TRAILING:5 MINLEN:40
Automatically using 1 threads
Using Long Clipping Sequence: 'AGATCGGAAGAGCGTCGTGTAGGGAAAGAGTGTA'
Using Long Clipping Sequence: 'AGATCGGAAGAGCACACGTCTGAACTCCAGTCAC'
ILLUMINACLIP: Using 0 prefix pairs, 2 forward/reverse sequences, 0 forward only sequences, 0 reverse only sequences
Quality encoding detected as phred33
Input Reads: 29991608 Surviving: 29838398 (99.49%) Dropped: 153210 (0.51%)
TrimmomaticSE: Completed successfully
TrimmomaticSE: Started with arguments:
 EV_29_B1_S52_L005_R1_001.fastq.gz EV_29_B1_S52_L005_R1_001.fastq.gz.trim.fq.gz ILLUMINACLIP:TruSeq3-SE.fa:2:30:10 HEADCROP:11 SLIDINGWINDOW:4:5 LEADING:5 TRAILING:5 MINLEN:40
Automatically using 1 threads
Using Long Clipping Sequence: 'AGATCGGAAGAGCGTCGTGTAGGGAAAGAGTGTA'
Using Long Clipping Sequence: 'AGATCGGAAGAGCACACGTCTGAACTCCAGTCAC'
ILLUMINACLIP: Using 0 prefix pairs, 2 forward/reverse sequences, 0 forward only sequences, 0 reverse only sequences
Quality encoding detected as phred33
Input Reads: 29039021 Surviving: 28968399 (99.76%) Dropped: 70622 (0.24%)
TrimmomaticSE: Completed successfully
TrimmomaticSE: Started with arguments:
 EV_29_B2_S60_L005_R1_001.fastq.gz EV_29_B2_S60_L005_R1_001.fastq.gz.trim.fq.gz ILLUMINACLIP:TruSeq3-SE.fa:2:30:10 HEADCROP:11 SLIDINGWINDOW:4:5 LEADING:5 TRAILING:5 MINLEN:40
Automatically using 1 threads
Using Long Clipping Sequence: 'AGATCGGAAGAGCGTCGTGTAGGGAAAGAGTGTA'
Using Long Clipping Sequence: 'AGATCGGAAGAGCACACGTCTGAACTCCAGTCAC'
ILLUMINACLIP: Using 0 prefix pairs, 2 forward/reverse sequences, 0 forward only sequences, 0 reverse only sequences
Quality encoding detected as phred33
Input Reads: 28828038 Surviving: 28683350 (99.50%) Dropped: 144688 (0.50%)
TrimmomaticSE: Completed successfully
TrimmomaticSE: Started with arguments:
 EV_29_B3_S67_L006_R1_001.fastq.gz EV_29_B3_S67_L006_R1_001.fastq.gz.trim.fq.gz ILLUMINACLIP:TruSeq3-SE.fa:2:30:10 HEADCROP:11 SLIDINGWINDOW:4:5 LEADING:5 TRAILING:5 MINLEN:40
Automatically using 1 threads
Using Long Clipping Sequence: 'AGATCGGAAGAGCGTCGTGTAGGGAAAGAGTGTA'
Using Long Clipping Sequence: 'AGATCGGAAGAGCACACGTCTGAACTCCAGTCAC'
ILLUMINACLIP: Using 0 prefix pairs, 2 forward/reverse sequences, 0 forward only sequences, 0 reverse only sequences
Quality encoding detected as phred33
Input Reads: 27590978 Surviving: 27533851 (99.79%) Dropped: 57127 (0.21%)
TrimmomaticSE: Completed successfully
TrimmomaticSE: Started with arguments:
 EV_29_G1_S5_L001_R1_001.fastq.gz EV_29_G1_S5_L001_R1_001.fastq.gz.trim.fq.gz ILLUMINACLIP:TruSeq3-SE.fa:2:30:10 HEADCROP:11 SLIDINGWINDOW:4:5 LEADING:5 TRAILING:5 MINLEN:40
Automatically using 1 threads
Using Long Clipping Sequence: 'AGATCGGAAGAGCGTCGTGTAGGGAAAGAGTGTA'
Using Long Clipping Sequence: 'AGATCGGAAGAGCACACGTCTGAACTCCAGTCAC'
ILLUMINACLIP: Using 0 prefix pairs, 2 forward/reverse sequences, 0 forward only sequences, 0 reverse only sequences
Quality encoding detected as phred33
Input Reads: 31900927 Surviving: 31772346 (99.60%) Dropped: 128581 (0.40%)
TrimmomaticSE: Completed successfully
TrimmomaticSE: Started with arguments:
 EV_29_G2_S13_L002_R1_001.fastq.gz EV_29_G2_S13_L002_R1_001.fastq.gz.trim.fq.gz ILLUMINACLIP:TruSeq3-SE.fa:2:30:10 HEADCROP:11 SLIDINGWINDOW:4:5 LEADING:5 TRAILING:5 MINLEN:40
Automatically using 1 threads
Using Long Clipping Sequence: 'AGATCGGAAGAGCGTCGTGTAGGGAAAGAGTGTA'
Using Long Clipping Sequence: 'AGATCGGAAGAGCACACGTCTGAACTCCAGTCAC'
ILLUMINACLIP: Using 0 prefix pairs, 2 forward/reverse sequences, 0 forward only sequences, 0 reverse only sequences
Quality encoding detected as phred33
Input Reads: 32316818 Surviving: 32251874 (99.80%) Dropped: 64944 (0.20%)
TrimmomaticSE: Completed successfully
TrimmomaticSE: Started with arguments:
 EV_29_G3_S21_L002_R1_001.fastq.gz EV_29_G3_S21_L002_R1_001.fastq.gz.trim.fq.gz ILLUMINACLIP:TruSeq3-SE.fa:2:30:10 HEADCROP:11 SLIDINGWINDOW:4:5 LEADING:5 TRAILING:5 MINLEN:40
Automatically using 1 threads
Using Long Clipping Sequence: 'AGATCGGAAGAGCGTCGTGTAGGGAAAGAGTGTA'
Using Long Clipping Sequence: 'AGATCGGAAGAGCACACGTCTGAACTCCAGTCAC'
ILLUMINACLIP: Using 0 prefix pairs, 2 forward/reverse sequences, 0 forward only sequences, 0 reverse only sequences
Quality encoding detected as phred33
Input Reads: 34236081 Surviving: 34065267 (99.50%) Dropped: 170814 (0.50%)
TrimmomaticSE: Completed successfully
TrimmomaticSE: Started with arguments:
 EV_29_L1_S53_L005_R1_001.fastq.gz EV_29_L1_S53_L005_R1_001.fastq.gz.trim.fq.gz ILLUMINACLIP:TruSeq3-SE.fa:2:30:10 HEADCROP:11 SLIDINGWINDOW:4:5 LEADING:5 TRAILING:5 MINLEN:40
Automatically using 1 threads
Using Long Clipping Sequence: 'AGATCGGAAGAGCGTCGTGTAGGGAAAGAGTGTA'
Using Long Clipping Sequence: 'AGATCGGAAGAGCACACGTCTGAACTCCAGTCAC'
ILLUMINACLIP: Using 0 prefix pairs, 2 forward/reverse sequences, 0 forward only sequences, 0 reverse only sequences
Quality encoding detected as phred33
Input Reads: 28913176 Surviving: 28903273 (99.97%) Dropped: 9903 (0.03%)
TrimmomaticSE: Completed successfully
TrimmomaticSE: Started with arguments:
 EV_29_L2_S61_L006_R1_001.fastq.gz EV_29_L2_S61_L006_R1_001.fastq.gz.trim.fq.gz ILLUMINACLIP:TruSeq3-SE.fa:2:30:10 HEADCROP:11 SLIDINGWINDOW:4:5 LEADING:5 TRAILING:5 MINLEN:40
Automatically using 1 threads
Using Long Clipping Sequence: 'AGATCGGAAGAGCGTCGTGTAGGGAAAGAGTGTA'
Using Long Clipping Sequence: 'AGATCGGAAGAGCACACGTCTGAACTCCAGTCAC'
ILLUMINACLIP: Using 0 prefix pairs, 2 forward/reverse sequences, 0 forward only sequences, 0 reverse only sequences
Quality encoding detected as phred33
Input Reads: 31088624 Surviving: 31078834 (99.97%) Dropped: 9790 (0.03%)
TrimmomaticSE: Completed successfully
TrimmomaticSE: Started with arguments:
 EV_29_L3_S68_L006_R1_001.fastq.gz EV_29_L3_S68_L006_R1_001.fastq.gz.trim.fq.gz ILLUMINACLIP:TruSeq3-SE.fa:2:30:10 HEADCROP:11 SLIDINGWINDOW:4:5 LEADING:5 TRAILING:5 MINLEN:40
Automatically using 1 threads
Using Long Clipping Sequence: 'AGATCGGAAGAGCGTCGTGTAGGGAAAGAGTGTA'
Using Long Clipping Sequence: 'AGATCGGAAGAGCACACGTCTGAACTCCAGTCAC'
ILLUMINACLIP: Using 0 prefix pairs, 2 forward/reverse sequences, 0 forward only sequences, 0 reverse only sequences
Quality encoding detected as phred33
Input Reads: 27128763 Surviving: 27119893 (99.97%) Dropped: 8870 (0.03%)
TrimmomaticSE: Completed successfully
TrimmomaticSE: Started with arguments:
 EV_33_4C1_S74_L007_R1_001.fastq.gz EV_33_4C1_S74_L007_R1_001.fastq.gz.trim.fq.gz ILLUMINACLIP:TruSeq3-SE.fa:2:30:10 HEADCROP:11 SLIDINGWINDOW:4:5 LEADING:5 TRAILING:5 MINLEN:40
Automatically using 1 threads
Using Long Clipping Sequence: 'AGATCGGAAGAGCGTCGTGTAGGGAAAGAGTGTA'
Using Long Clipping Sequence: 'AGATCGGAAGAGCACACGTCTGAACTCCAGTCAC'
ILLUMINACLIP: Using 0 prefix pairs, 2 forward/reverse sequences, 0 forward only sequences, 0 reverse only sequences
Quality encoding detected as phred33
Input Reads: 35951662 Surviving: 35347807 (98.32%) Dropped: 603855 (1.68%)
TrimmomaticSE: Completed successfully
TrimmomaticSE: Started with arguments:
 EV_33_4C2_S81_L007_R1_001.fastq.gz EV_33_4C2_S81_L007_R1_001.fastq.gz.trim.fq.gz ILLUMINACLIP:TruSeq3-SE.fa:2:30:10 HEADCROP:11 SLIDINGWINDOW:4:5 LEADING:5 TRAILING:5 MINLEN:40
Automatically using 1 threads
Using Long Clipping Sequence: 'AGATCGGAAGAGCGTCGTGTAGGGAAAGAGTGTA'
Using Long Clipping Sequence: 'AGATCGGAAGAGCACACGTCTGAACTCCAGTCAC'
ILLUMINACLIP: Using 0 prefix pairs, 2 forward/reverse sequences, 0 forward only sequences, 0 reverse only sequences
Quality encoding detected as phred33
Input Reads: 36793617 Surviving: 36620300 (99.53%) Dropped: 173317 (0.47%)
TrimmomaticSE: Completed successfully
TrimmomaticSE: Started with arguments:
 EV_33_4C3_S87_L008_R1_001.fastq.gz EV_33_4C3_S87_L008_R1_001.fastq.gz.trim.fq.gz ILLUMINACLIP:TruSeq3-SE.fa:2:30:10 HEADCROP:11 SLIDINGWINDOW:4:5 LEADING:5 TRAILING:5 MINLEN:40
Automatically using 1 threads
Using Long Clipping Sequence: 'AGATCGGAAGAGCGTCGTGTAGGGAAAGAGTGTA'
Using Long Clipping Sequence: 'AGATCGGAAGAGCACACGTCTGAACTCCAGTCAC'
ILLUMINACLIP: Using 0 prefix pairs, 2 forward/reverse sequences, 0 forward only sequences, 0 reverse only sequences
Quality encoding detected as phred33
Input Reads: 30054472 Surviving: 29774497 (99.07%) Dropped: 279975 (0.93%)
TrimmomaticSE: Completed successfully
TrimmomaticSE: Started with arguments:
 EV_33_B1_S28_L003_R1_001.fastq.gz EV_33_B1_S28_L003_R1_001.fastq.gz.trim.fq.gz ILLUMINACLIP:TruSeq3-SE.fa:2:30:10 HEADCROP:11 SLIDINGWINDOW:4:5 LEADING:5 TRAILING:5 MINLEN:40
Automatically using 1 threads
Using Long Clipping Sequence: 'AGATCGGAAGAGCGTCGTGTAGGGAAAGAGTGTA'
Using Long Clipping Sequence: 'AGATCGGAAGAGCACACGTCTGAACTCCAGTCAC'
ILLUMINACLIP: Using 0 prefix pairs, 2 forward/reverse sequences, 0 forward only sequences, 0 reverse only sequences
Quality encoding detected as phred33
Input Reads: 25747991 Surviving: 25616175 (99.49%) Dropped: 131816 (0.51%)
TrimmomaticSE: Completed successfully
TrimmomaticSE: Started with arguments:
 EV_33_B2_S36_L003_R1_001.fastq.gz EV_33_B2_S36_L003_R1_001.fastq.gz.trim.fq.gz ILLUMINACLIP:TruSeq3-SE.fa:2:30:10 HEADCROP:11 SLIDINGWINDOW:4:5 LEADING:5 TRAILING:5 MINLEN:40
Automatically using 1 threads
Using Long Clipping Sequence: 'AGATCGGAAGAGCGTCGTGTAGGGAAAGAGTGTA'
Using Long Clipping Sequence: 'AGATCGGAAGAGCACACGTCTGAACTCCAGTCAC'
ILLUMINACLIP: Using 0 prefix pairs, 2 forward/reverse sequences, 0 forward only sequences, 0 reverse only sequences
Quality encoding detected as phred33
Input Reads: 31191425 Surviving: 30832634 (98.85%) Dropped: 358791 (1.15%)
TrimmomaticSE: Completed successfully
TrimmomaticSE: Started with arguments:
 EV_33_B3_S44_L004_R1_001.fastq.gz EV_33_B3_S44_L004_R1_001.fastq.gz.trim.fq.gz ILLUMINACLIP:TruSeq3-SE.fa:2:30:10 HEADCROP:11 SLIDINGWINDOW:4:5 LEADING:5 TRAILING:5 MINLEN:40
Automatically using 1 threads
Using Long Clipping Sequence: 'AGATCGGAAGAGCGTCGTGTAGGGAAAGAGTGTA'
Using Long Clipping Sequence: 'AGATCGGAAGAGCACACGTCTGAACTCCAGTCAC'
ILLUMINACLIP: Using 0 prefix pairs, 2 forward/reverse sequences, 0 forward only sequences, 0 reverse only sequences
Quality encoding detected as phred33
Input Reads: 28151827 Surviving: 27966722 (99.34%) Dropped: 185105 (0.66%)
TrimmomaticSE: Completed successfully
TrimmomaticSE: Started with arguments:
 EV_33_G1_S29_L003_R1_001.fastq.gz EV_33_G1_S29_L003_R1_001.fastq.gz.trim.fq.gz ILLUMINACLIP:TruSeq3-SE.fa:2:30:10 HEADCROP:11 SLIDINGWINDOW:4:5 LEADING:5 TRAILING:5 MINLEN:40
Automatically using 1 threads
Using Long Clipping Sequence: 'AGATCGGAAGAGCGTCGTGTAGGGAAAGAGTGTA'
Using Long Clipping Sequence: 'AGATCGGAAGAGCACACGTCTGAACTCCAGTCAC'
ILLUMINACLIP: Using 0 prefix pairs, 2 forward/reverse sequences, 0 forward only sequences, 0 reverse only sequences
Quality encoding detected as phred33
Input Reads: 29475569 Surviving: 29343569 (99.55%) Dropped: 132000 (0.45%)
TrimmomaticSE: Completed successfully
TrimmomaticSE: Started with arguments:
 EV_33_G1_S29_L007_R1_001.fastq.gz EV_33_G1_S29_L007_R1_001.fastq.gz.trim.fq.gz ILLUMINACLIP:TruSeq3-SE.fa:2:30:10 HEADCROP:11 SLIDINGWINDOW:4:5 LEADING:5 TRAILING:5 MINLEN:40
Automatically using 1 threads
Using Long Clipping Sequence: 'AGATCGGAAGAGCGTCGTGTAGGGAAAGAGTGTA'
Using Long Clipping Sequence: 'AGATCGGAAGAGCACACGTCTGAACTCCAGTCAC'
ILLUMINACLIP: Using 0 prefix pairs, 2 forward/reverse sequences, 0 forward only sequences, 0 reverse only sequences
Quality encoding detected as phred33
Input Reads: 35913572 Surviving: 35889889 (99.93%) Dropped: 23683 (0.07%)
TrimmomaticSE: Completed successfully
TrimmomaticSE: Started with arguments:
 EV_33_G2_S37_L004_R1_001.fastq.gz EV_33_G2_S37_L004_R1_001.fastq.gz.trim.fq.gz ILLUMINACLIP:TruSeq3-SE.fa:2:30:10 HEADCROP:11 SLIDINGWINDOW:4:5 LEADING:5 TRAILING:5 MINLEN:40
Automatically using 1 threads
Using Long Clipping Sequence: 'AGATCGGAAGAGCGTCGTGTAGGGAAAGAGTGTA'
Using Long Clipping Sequence: 'AGATCGGAAGAGCACACGTCTGAACTCCAGTCAC'
ILLUMINACLIP: Using 0 prefix pairs, 2 forward/reverse sequences, 0 forward only sequences, 0 reverse only sequences
Quality encoding detected as phred33
Input Reads: 26748965 Surviving: 26721020 (99.90%) Dropped: 27945 (0.10%)
TrimmomaticSE: Completed successfully
TrimmomaticSE: Started with arguments:
 EV_33_G2_S37_L008_R1_001.fastq.gz EV_33_G2_S37_L008_R1_001.fastq.gz.trim.fq.gz ILLUMINACLIP:TruSeq3-SE.fa:2:30:10 HEADCROP:11 SLIDINGWINDOW:4:5 LEADING:5 TRAILING:5 MINLEN:40
Automatically using 1 threads
Using Long Clipping Sequence: 'AGATCGGAAGAGCGTCGTGTAGGGAAAGAGTGTA'
Using Long Clipping Sequence: 'AGATCGGAAGAGCACACGTCTGAACTCCAGTCAC'
ILLUMINACLIP: Using 0 prefix pairs, 2 forward/reverse sequences, 0 forward only sequences, 0 reverse only sequences
Quality encoding detected as phred33
Input Reads: 30661097 Surviving: 30639081 (99.93%) Dropped: 22016 (0.07%)
TrimmomaticSE: Completed successfully
TrimmomaticSE: Started with arguments:
 EV_33_G3_S45_L004_R1_001.fastq.gz EV_33_G3_S45_L004_R1_001.fastq.gz.trim.fq.gz ILLUMINACLIP:TruSeq3-SE.fa:2:30:10 HEADCROP:11 SLIDINGWINDOW:4:5 LEADING:5 TRAILING:5 MINLEN:40
Automatically using 1 threads
Using Long Clipping Sequence: 'AGATCGGAAGAGCGTCGTGTAGGGAAAGAGTGTA'
Using Long Clipping Sequence: 'AGATCGGAAGAGCACACGTCTGAACTCCAGTCAC'
ILLUMINACLIP: Using 0 prefix pairs, 2 forward/reverse sequences, 0 forward only sequences, 0 reverse only sequences
Quality encoding detected as phred33
Input Reads: 30676088 Surviving: 30659950 (99.95%) Dropped: 16138 (0.05%)
TrimmomaticSE: Completed successfully
TrimmomaticSE: Started with arguments:
 EV_33_G3_S45_L008_R1_001.fastq.gz EV_33_G3_S45_L008_R1_001.fastq.gz.trim.fq.gz ILLUMINACLIP:TruSeq3-SE.fa:2:30:10 HEADCROP:11 SLIDINGWINDOW:4:5 LEADING:5 TRAILING:5 MINLEN:40
Automatically using 1 threads
Using Long Clipping Sequence: 'AGATCGGAAGAGCGTCGTGTAGGGAAAGAGTGTA'
Using Long Clipping Sequence: 'AGATCGGAAGAGCACACGTCTGAACTCCAGTCAC'
ILLUMINACLIP: Using 0 prefix pairs, 2 forward/reverse sequences, 0 forward only sequences, 0 reverse only sequences
Quality encoding detected as phred33
Input Reads: 34651721 Surviving: 34626693 (99.93%) Dropped: 25028 (0.07%)
TrimmomaticSE: Completed successfully
TrimmomaticSE: Started with arguments:
 EV_EGG_1_S6_L001_R1_001.fastq.gz EV_EGG_1_S6_L001_R1_001.fastq.gz.trim.fq.gz ILLUMINACLIP:TruSeq3-SE.fa:2:30:10 HEADCROP:11 SLIDINGWINDOW:4:5 LEADING:5 TRAILING:5 MINLEN:40
Automatically using 1 threads
Using Long Clipping Sequence: 'AGATCGGAAGAGCGTCGTGTAGGGAAAGAGTGTA'
Using Long Clipping Sequence: 'AGATCGGAAGAGCACACGTCTGAACTCCAGTCAC'
ILLUMINACLIP: Using 0 prefix pairs, 2 forward/reverse sequences, 0 forward only sequences, 0 reverse only sequences
Quality encoding detected as phred33
Input Reads: 23875009 Surviving: 23760004 (99.52%) Dropped: 115005 (0.48%)
TrimmomaticSE: Completed successfully
TrimmomaticSE: Started with arguments:
 EV_EGG_2_S14_L002_R1_001.fastq.gz EV_EGG_2_S14_L002_R1_001.fastq.gz.trim.fq.gz ILLUMINACLIP:TruSeq3-SE.fa:2:30:10 HEADCROP:11 SLIDINGWINDOW:4:5 LEADING:5 TRAILING:5 MINLEN:40
Automatically using 1 threads
Using Long Clipping Sequence: 'AGATCGGAAGAGCGTCGTGTAGGGAAAGAGTGTA'
Using Long Clipping Sequence: 'AGATCGGAAGAGCACACGTCTGAACTCCAGTCAC'
ILLUMINACLIP: Using 0 prefix pairs, 2 forward/reverse sequences, 0 forward only sequences, 0 reverse only sequences
Quality encoding detected as phred33
Input Reads: 27448914 Surviving: 27298932 (99.45%) Dropped: 149982 (0.55%)
TrimmomaticSE: Completed successfully
TrimmomaticSE: Started with arguments:
 EV_EGG_3_S22_L002_R1_001.fastq.gz EV_EGG_3_S22_L002_R1_001.fastq.gz.trim.fq.gz ILLUMINACLIP:TruSeq3-SE.fa:2:30:10 HEADCROP:11 SLIDINGWINDOW:4:5 LEADING:5 TRAILING:5 MINLEN:40
Automatically using 1 threads
Using Long Clipping Sequence: 'AGATCGGAAGAGCGTCGTGTAGGGAAAGAGTGTA'
Using Long Clipping Sequence: 'AGATCGGAAGAGCACACGTCTGAACTCCAGTCAC'
ILLUMINACLIP: Using 0 prefix pairs, 2 forward/reverse sequences, 0 forward only sequences, 0 reverse only sequences
Quality encoding detected as phred33
Input Reads: 29146767 Surviving: 28897665 (99.15%) Dropped: 249102 (0.85%)
TrimmomaticSE: Completed successfully
TrimmomaticSE: Started with arguments:
 EV_EGGS_1_S51_L005_R1_001.fastq.gz EV_EGGS_1_S51_L005_R1_001.fastq.gz.trim.fq.gz ILLUMINACLIP:TruSeq3-SE.fa:2:30:10 HEADCROP:11 SLIDINGWINDOW:4:5 LEADING:5 TRAILING:5 MINLEN:40
Automatically using 1 threads
Using Long Clipping Sequence: 'AGATCGGAAGAGCGTCGTGTAGGGAAAGAGTGTA'
Using Long Clipping Sequence: 'AGATCGGAAGAGCACACGTCTGAACTCCAGTCAC'
ILLUMINACLIP: Using 0 prefix pairs, 2 forward/reverse sequences, 0 forward only sequences, 0 reverse only sequences
Quality encoding detected as phred33
Input Reads: 30822919 Surviving: 30547271 (99.11%) Dropped: 275648 (0.89%)
TrimmomaticSE: Completed successfully
TrimmomaticSE: Started with arguments:
 EV_EGGS_2_S59_L005_R1_001.fastq.gz EV_EGGS_2_S59_L005_R1_001.fastq.gz.trim.fq.gz ILLUMINACLIP:TruSeq3-SE.fa:2:30:10 HEADCROP:11 SLIDINGWINDOW:4:5 LEADING:5 TRAILING:5 MINLEN:40
Automatically using 1 threads
Using Long Clipping Sequence: 'AGATCGGAAGAGCGTCGTGTAGGGAAAGAGTGTA'
Using Long Clipping Sequence: 'AGATCGGAAGAGCACACGTCTGAACTCCAGTCAC'
ILLUMINACLIP: Using 0 prefix pairs, 2 forward/reverse sequences, 0 forward only sequences, 0 reverse only sequences
Quality encoding detected as phred33
Input Reads: 29843012 Surviving: 29679162 (99.45%) Dropped: 163850 (0.55%)
TrimmomaticSE: Completed successfully
TrimmomaticSE: Started with arguments:
 EV_EGGS_3_S66_L006_R1_001.fastq.gz EV_EGGS_3_S66_L006_R1_001.fastq.gz.trim.fq.gz ILLUMINACLIP:TruSeq3-SE.fa:2:30:10 HEADCROP:11 SLIDINGWINDOW:4:5 LEADING:5 TRAILING:5 MINLEN:40
Automatically using 1 threads
Using Long Clipping Sequence: 'AGATCGGAAGAGCGTCGTGTAGGGAAAGAGTGTA'
Using Long Clipping Sequence: 'AGATCGGAAGAGCACACGTCTGAACTCCAGTCAC'
ILLUMINACLIP: Using 0 prefix pairs, 2 forward/reverse sequences, 0 forward only sequences, 0 reverse only sequences
Quality encoding detected as phred33
Input Reads: 35161537 Surviving: 34318641 (97.60%) Dropped: 842896 (2.40%)
TrimmomaticSE: Completed successfully
TrimmomaticSE: Started with arguments:
 HY_29_4CA_S54_L005_R1_001.fastq.gz HY_29_4CA_S54_L005_R1_001.fastq.gz.trim.fq.gz ILLUMINACLIP:TruSeq3-SE.fa:2:30:10 HEADCROP:11 SLIDINGWINDOW:4:5 LEADING:5 TRAILING:5 MINLEN:40
Automatically using 1 threads
Using Long Clipping Sequence: 'AGATCGGAAGAGCGTCGTGTAGGGAAAGAGTGTA'
Using Long Clipping Sequence: 'AGATCGGAAGAGCACACGTCTGAACTCCAGTCAC'
ILLUMINACLIP: Using 0 prefix pairs, 2 forward/reverse sequences, 0 forward only sequences, 0 reverse only sequences
Quality encoding detected as phred33
Input Reads: 24181040 Surviving: 24173997 (99.97%) Dropped: 7043 (0.03%)
TrimmomaticSE: Completed successfully
TrimmomaticSE: Started with arguments:
 HY_29_4CB_S62_L006_R1_001.fastq.gz HY_29_4CB_S62_L006_R1_001.fastq.gz.trim.fq.gz ILLUMINACLIP:TruSeq3-SE.fa:2:30:10 HEADCROP:11 SLIDINGWINDOW:4:5 LEADING:5 TRAILING:5 MINLEN:40
Automatically using 1 threads
Using Long Clipping Sequence: 'AGATCGGAAGAGCGTCGTGTAGGGAAAGAGTGTA'
Using Long Clipping Sequence: 'AGATCGGAAGAGCACACGTCTGAACTCCAGTCAC'
ILLUMINACLIP: Using 0 prefix pairs, 2 forward/reverse sequences, 0 forward only sequences, 0 reverse only sequences
Quality encoding detected as phred33
Input Reads: 31598200 Surviving: 31571082 (99.91%) Dropped: 27118 (0.09%)
TrimmomaticSE: Completed successfully
TrimmomaticSE: Started with arguments:
 HY_29_4CC_S69_L006_R1_001.fastq.gz HY_29_4CC_S69_L006_R1_001.fastq.gz.trim.fq.gz ILLUMINACLIP:TruSeq3-SE.fa:2:30:10 HEADCROP:11 SLIDINGWINDOW:4:5 LEADING:5 TRAILING:5 MINLEN:40
Automatically using 1 threads
Using Long Clipping Sequence: 'AGATCGGAAGAGCGTCGTGTAGGGAAAGAGTGTA'
Using Long Clipping Sequence: 'AGATCGGAAGAGCACACGTCTGAACTCCAGTCAC'
ILLUMINACLIP: Using 0 prefix pairs, 2 forward/reverse sequences, 0 forward only sequences, 0 reverse only sequences
Quality encoding detected as phred33
Input Reads: 31051434 Surviving: 30973692 (99.75%) Dropped: 77742 (0.25%)
TrimmomaticSE: Completed successfully
TrimmomaticSE: Started with arguments:
 HY_29_BA_S7_L001_R1_001.fastq.gz HY_29_BA_S7_L001_R1_001.fastq.gz.trim.fq.gz ILLUMINACLIP:TruSeq3-SE.fa:2:30:10 HEADCROP:11 SLIDINGWINDOW:4:5 LEADING:5 TRAILING:5 MINLEN:40
Automatically using 1 threads
Using Long Clipping Sequence: 'AGATCGGAAGAGCGTCGTGTAGGGAAAGAGTGTA'
Using Long Clipping Sequence: 'AGATCGGAAGAGCACACGTCTGAACTCCAGTCAC'
ILLUMINACLIP: Using 0 prefix pairs, 2 forward/reverse sequences, 0 forward only sequences, 0 reverse only sequences
Quality encoding detected as phred33
Input Reads: 34499002 Surviving: 34446356 (99.85%) Dropped: 52646 (0.15%)
TrimmomaticSE: Completed successfully
TrimmomaticSE: Started with arguments:
 HY_29_BB_S15_L002_R1_001.fastq.gz HY_29_BB_S15_L002_R1_001.fastq.gz.trim.fq.gz ILLUMINACLIP:TruSeq3-SE.fa:2:30:10 HEADCROP:11 SLIDINGWINDOW:4:5 LEADING:5 TRAILING:5 MINLEN:40
Automatically using 1 threads
Using Long Clipping Sequence: 'AGATCGGAAGAGCGTCGTGTAGGGAAAGAGTGTA'
Using Long Clipping Sequence: 'AGATCGGAAGAGCACACGTCTGAACTCCAGTCAC'
ILLUMINACLIP: Using 0 prefix pairs, 2 forward/reverse sequences, 0 forward only sequences, 0 reverse only sequences
Quality encoding detected as phred33
Input Reads: 30652424 Surviving: 30315433 (98.90%) Dropped: 336991 (1.10%)
TrimmomaticSE: Completed successfully
TrimmomaticSE: Started with arguments:
 HY_29_BC_S23_L002_R1_001.fastq.gz HY_29_BC_S23_L002_R1_001.fastq.gz.trim.fq.gz ILLUMINACLIP:TruSeq3-SE.fa:2:30:10 HEADCROP:11 SLIDINGWINDOW:4:5 LEADING:5 TRAILING:5 MINLEN:40
Automatically using 1 threads
Using Long Clipping Sequence: 'AGATCGGAAGAGCGTCGTGTAGGGAAAGAGTGTA'
Using Long Clipping Sequence: 'AGATCGGAAGAGCACACGTCTGAACTCCAGTCAC'
ILLUMINACLIP: Using 0 prefix pairs, 2 forward/reverse sequences, 0 forward only sequences, 0 reverse only sequences
Quality encoding detected as phred33
Input Reads: 30884052 Surviving: 30749936 (99.57%) Dropped: 134116 (0.43%)
TrimmomaticSE: Completed successfully
TrimmomaticSE: Started with arguments:
 HY_29_GA_S55_L005_R1_001.fastq.gz HY_29_GA_S55_L005_R1_001.fastq.gz.trim.fq.gz ILLUMINACLIP:TruSeq3-SE.fa:2:30:10 HEADCROP:11 SLIDINGWINDOW:4:5 LEADING:5 TRAILING:5 MINLEN:40
Automatically using 1 threads
Using Long Clipping Sequence: 'AGATCGGAAGAGCGTCGTGTAGGGAAAGAGTGTA'
Using Long Clipping Sequence: 'AGATCGGAAGAGCACACGTCTGAACTCCAGTCAC'
ILLUMINACLIP: Using 0 prefix pairs, 2 forward/reverse sequences, 0 forward only sequences, 0 reverse only sequences
Quality encoding detected as phred33
Input Reads: 31851011 Surviving: 31561833 (99.09%) Dropped: 289178 (0.91%)
TrimmomaticSE: Completed successfully
TrimmomaticSE: Started with arguments:
 HY_29_GB_S63_L006_R1_001.fastq.gz HY_29_GB_S63_L006_R1_001.fastq.gz.trim.fq.gz ILLUMINACLIP:TruSeq3-SE.fa:2:30:10 HEADCROP:11 SLIDINGWINDOW:4:5 LEADING:5 TRAILING:5 MINLEN:40
Automatically using 1 threads
Using Long Clipping Sequence: 'AGATCGGAAGAGCGTCGTGTAGGGAAAGAGTGTA'
Using Long Clipping Sequence: 'AGATCGGAAGAGCACACGTCTGAACTCCAGTCAC'
ILLUMINACLIP: Using 0 prefix pairs, 2 forward/reverse sequences, 0 forward only sequences, 0 reverse only sequences
Quality encoding detected as phred33
Input Reads: 24949622 Surviving: 24824122 (99.50%) Dropped: 125500 (0.50%)
TrimmomaticSE: Completed successfully
TrimmomaticSE: Started with arguments:
 HY_29_G_B_S91_L008_R1_001.fastq.gz HY_29_G_B_S91_L008_R1_001.fastq.gz.trim.fq.gz ILLUMINACLIP:TruSeq3-SE.fa:2:30:10 HEADCROP:11 SLIDINGWINDOW:4:5 LEADING:5 TRAILING:5 MINLEN:40
Automatically using 1 threads
Using Long Clipping Sequence: 'AGATCGGAAGAGCGTCGTGTAGGGAAAGAGTGTA'
Using Long Clipping Sequence: 'AGATCGGAAGAGCACACGTCTGAACTCCAGTCAC'
ILLUMINACLIP: Using 0 prefix pairs, 2 forward/reverse sequences, 0 forward only sequences, 0 reverse only sequences
Quality encoding detected as phred33
Input Reads: 26933716 Surviving: 26851769 (99.70%) Dropped: 81947 (0.30%)
TrimmomaticSE: Completed successfully
TrimmomaticSE: Started with arguments:
 HY_29_GC_S70_L006_R1_001.fastq.gz HY_29_GC_S70_L006_R1_001.fastq.gz.trim.fq.gz ILLUMINACLIP:TruSeq3-SE.fa:2:30:10 HEADCROP:11 SLIDINGWINDOW:4:5 LEADING:5 TRAILING:5 MINLEN:40
Automatically using 1 threads
Using Long Clipping Sequence: 'AGATCGGAAGAGCGTCGTGTAGGGAAAGAGTGTA'
Using Long Clipping Sequence: 'AGATCGGAAGAGCACACGTCTGAACTCCAGTCAC'
ILLUMINACLIP: Using 0 prefix pairs, 2 forward/reverse sequences, 0 forward only sequences, 0 reverse only sequences
Quality encoding detected as phred33
Input Reads: 31288998 Surviving: 31259969 (99.91%) Dropped: 29029 (0.09%)
TrimmomaticSE: Completed successfully
TrimmomaticSE: Started with arguments:
 HY_29_LA_S8_L001_R1_001.fastq.gz HY_29_LA_S8_L001_R1_001.fastq.gz.trim.fq.gz ILLUMINACLIP:TruSeq3-SE.fa:2:30:10 HEADCROP:11 SLIDINGWINDOW:4:5 LEADING:5 TRAILING:5 MINLEN:40
Automatically using 1 threads
Using Long Clipping Sequence: 'AGATCGGAAGAGCGTCGTGTAGGGAAAGAGTGTA'
Using Long Clipping Sequence: 'AGATCGGAAGAGCACACGTCTGAACTCCAGTCAC'
ILLUMINACLIP: Using 0 prefix pairs, 2 forward/reverse sequences, 0 forward only sequences, 0 reverse only sequences
Quality encoding detected as phred33
Input Reads: 33376147 Surviving: 33047530 (99.02%) Dropped: 328617 (0.98%)
TrimmomaticSE: Completed successfully
TrimmomaticSE: Started with arguments:
 HY_29_LB_S16_L002_R1_001.fastq.gz HY_29_LB_S16_L002_R1_001.fastq.gz.trim.fq.gz ILLUMINACLIP:TruSeq3-SE.fa:2:30:10 HEADCROP:11 SLIDINGWINDOW:4:5 LEADING:5 TRAILING:5 MINLEN:40
Automatically using 1 threads
Using Long Clipping Sequence: 'AGATCGGAAGAGCGTCGTGTAGGGAAAGAGTGTA'
Using Long Clipping Sequence: 'AGATCGGAAGAGCACACGTCTGAACTCCAGTCAC'
ILLUMINACLIP: Using 0 prefix pairs, 2 forward/reverse sequences, 0 forward only sequences, 0 reverse only sequences
Quality encoding detected as phred33
Input Reads: 24105740 Surviving: 23926917 (99.26%) Dropped: 178823 (0.74%)
TrimmomaticSE: Completed successfully
TrimmomaticSE: Started with arguments:
 HY_29_LC_S24_L002_R1_001.fastq.gz HY_29_LC_S24_L002_R1_001.fastq.gz.trim.fq.gz ILLUMINACLIP:TruSeq3-SE.fa:2:30:10 HEADCROP:11 SLIDINGWINDOW:4:5 LEADING:5 TRAILING:5 MINLEN:40
Automatically using 1 threads
Using Long Clipping Sequence: 'AGATCGGAAGAGCGTCGTGTAGGGAAAGAGTGTA'
Using Long Clipping Sequence: 'AGATCGGAAGAGCACACGTCTGAACTCCAGTCAC'
ILLUMINACLIP: Using 0 prefix pairs, 2 forward/reverse sequences, 0 forward only sequences, 0 reverse only sequences
Quality encoding detected as phred33
Input Reads: 28764066 Surviving: 28595256 (99.41%) Dropped: 168810 (0.59%)
TrimmomaticSE: Completed successfully
TrimmomaticSE: Started with arguments:
 HY_33_4CA_S30_L003_R1_001.fastq.gz HY_33_4CA_S30_L003_R1_001.fastq.gz.trim.fq.gz ILLUMINACLIP:TruSeq3-SE.fa:2:30:10 HEADCROP:11 SLIDINGWINDOW:4:5 LEADING:5 TRAILING:5 MINLEN:40
Automatically using 1 threads
Using Long Clipping Sequence: 'AGATCGGAAGAGCGTCGTGTAGGGAAAGAGTGTA'
Using Long Clipping Sequence: 'AGATCGGAAGAGCACACGTCTGAACTCCAGTCAC'
ILLUMINACLIP: Using 0 prefix pairs, 2 forward/reverse sequences, 0 forward only sequences, 0 reverse only sequences
Quality encoding detected as phred33
Input Reads: 25145846 Surviving: 24996836 (99.41%) Dropped: 149010 (0.59%)
TrimmomaticSE: Completed successfully
TrimmomaticSE: Started with arguments:
 HY_33_4CB_S38_L004_R1_001.fastq.gz HY_33_4CB_S38_L004_R1_001.fastq.gz.trim.fq.gz ILLUMINACLIP:TruSeq3-SE.fa:2:30:10 HEADCROP:11 SLIDINGWINDOW:4:5 LEADING:5 TRAILING:5 MINLEN:40
Automatically using 1 threads
Using Long Clipping Sequence: 'AGATCGGAAGAGCGTCGTGTAGGGAAAGAGTGTA'
Using Long Clipping Sequence: 'AGATCGGAAGAGCACACGTCTGAACTCCAGTCAC'
ILLUMINACLIP: Using 0 prefix pairs, 2 forward/reverse sequences, 0 forward only sequences, 0 reverse only sequences
Quality encoding detected as phred33
Input Reads: 31403947 Surviving: 31390783 (99.96%) Dropped: 13164 (0.04%)
TrimmomaticSE: Completed successfully
TrimmomaticSE: Started with arguments:
 HY_33_4CC_S46_L004_R1_001.fastq.gz HY_33_4CC_S46_L004_R1_001.fastq.gz.trim.fq.gz ILLUMINACLIP:TruSeq3-SE.fa:2:30:10 HEADCROP:11 SLIDINGWINDOW:4:5 LEADING:5 TRAILING:5 MINLEN:40
Automatically using 1 threads
Using Long Clipping Sequence: 'AGATCGGAAGAGCGTCGTGTAGGGAAAGAGTGTA'
Using Long Clipping Sequence: 'AGATCGGAAGAGCACACGTCTGAACTCCAGTCAC'
ILLUMINACLIP: Using 0 prefix pairs, 2 forward/reverse sequences, 0 forward only sequences, 0 reverse only sequences
Quality encoding detected as phred33
Input Reads: 29739139 Surviving: 29714934 (99.92%) Dropped: 24205 (0.08%)
TrimmomaticSE: Completed successfully
TrimmomaticSE: Started with arguments:
 HY_33_BA_S76_L007_R1_001.fastq.gz HY_33_BA_S76_L007_R1_001.fastq.gz.trim.fq.gz ILLUMINACLIP:TruSeq3-SE.fa:2:30:10 HEADCROP:11 SLIDINGWINDOW:4:5 LEADING:5 TRAILING:5 MINLEN:40
Automatically using 1 threads
Using Long Clipping Sequence: 'AGATCGGAAGAGCGTCGTGTAGGGAAAGAGTGTA'
Using Long Clipping Sequence: 'AGATCGGAAGAGCACACGTCTGAACTCCAGTCAC'
ILLUMINACLIP: Using 0 prefix pairs, 2 forward/reverse sequences, 0 forward only sequences, 0 reverse only sequences
Quality encoding detected as phred33
Input Reads: 29131833 Surviving: 28908100 (99.23%) Dropped: 223733 (0.77%)
TrimmomaticSE: Completed successfully
TrimmomaticSE: Started with arguments:
 HY_33_BB_S83_L008_R1_001.fastq.gz HY_33_BB_S83_L008_R1_001.fastq.gz.trim.fq.gz ILLUMINACLIP:TruSeq3-SE.fa:2:30:10 HEADCROP:11 SLIDINGWINDOW:4:5 LEADING:5 TRAILING:5 MINLEN:40
Automatically using 1 threads
Using Long Clipping Sequence: 'AGATCGGAAGAGCGTCGTGTAGGGAAAGAGTGTA'
Using Long Clipping Sequence: 'AGATCGGAAGAGCACACGTCTGAACTCCAGTCAC'
ILLUMINACLIP: Using 0 prefix pairs, 2 forward/reverse sequences, 0 forward only sequences, 0 reverse only sequences
Quality encoding detected as phred33
Input Reads: 37606429 Surviving: 37585907 (99.95%) Dropped: 20522 (0.05%)
TrimmomaticSE: Completed successfully
TrimmomaticSE: Started with arguments:
 HY_33_BC_S89_L008_R1_001.fastq.gz HY_33_BC_S89_L008_R1_001.fastq.gz.trim.fq.gz ILLUMINACLIP:TruSeq3-SE.fa:2:30:10 HEADCROP:11 SLIDINGWINDOW:4:5 LEADING:5 TRAILING:5 MINLEN:40
Automatically using 1 threads
Using Long Clipping Sequence: 'AGATCGGAAGAGCGTCGTGTAGGGAAAGAGTGTA'
Using Long Clipping Sequence: 'AGATCGGAAGAGCACACGTCTGAACTCCAGTCAC'
ILLUMINACLIP: Using 0 prefix pairs, 2 forward/reverse sequences, 0 forward only sequences, 0 reverse only sequences
Quality encoding detected as phred33
Input Reads: 36037385 Surviving: 35956947 (99.78%) Dropped: 80438 (0.22%)
TrimmomaticSE: Completed successfully
TrimmomaticSE: Started with arguments:
 HY_33_GA_S31_L003_R1_001.fastq.gz HY_33_GA_S31_L003_R1_001.fastq.gz.trim.fq.gz ILLUMINACLIP:TruSeq3-SE.fa:2:30:10 HEADCROP:11 SLIDINGWINDOW:4:5 LEADING:5 TRAILING:5 MINLEN:40
Automatically using 1 threads
Using Long Clipping Sequence: 'AGATCGGAAGAGCGTCGTGTAGGGAAAGAGTGTA'
Using Long Clipping Sequence: 'AGATCGGAAGAGCACACGTCTGAACTCCAGTCAC'
ILLUMINACLIP: Using 0 prefix pairs, 2 forward/reverse sequences, 0 forward only sequences, 0 reverse only sequences
Quality encoding detected as phred33
Input Reads: 29710829 Surviving: 29547894 (99.45%) Dropped: 162935 (0.55%)
TrimmomaticSE: Completed successfully
TrimmomaticSE: Started with arguments:
 HY_33_GB_S39_L004_R1_001.fastq.gz HY_33_GB_S39_L004_R1_001.fastq.gz.trim.fq.gz ILLUMINACLIP:TruSeq3-SE.fa:2:30:10 HEADCROP:11 SLIDINGWINDOW:4:5 LEADING:5 TRAILING:5 MINLEN:40
Automatically using 1 threads
Using Long Clipping Sequence: 'AGATCGGAAGAGCGTCGTGTAGGGAAAGAGTGTA'
Using Long Clipping Sequence: 'AGATCGGAAGAGCACACGTCTGAACTCCAGTCAC'
ILLUMINACLIP: Using 0 prefix pairs, 2 forward/reverse sequences, 0 forward only sequences, 0 reverse only sequences
Quality encoding detected as phred33
Input Reads: 34667713 Surviving: 33847371 (97.63%) Dropped: 820342 (2.37%)
TrimmomaticSE: Completed successfully
TrimmomaticSE: Started with arguments:
 HY_33_GC_S47_L004_R1_001.fastq.gz HY_33_GC_S47_L004_R1_001.fastq.gz.trim.fq.gz ILLUMINACLIP:TruSeq3-SE.fa:2:30:10 HEADCROP:11 SLIDINGWINDOW:4:5 LEADING:5 TRAILING:5 MINLEN:40
Automatically using 1 threads
Using Long Clipping Sequence: 'AGATCGGAAGAGCGTCGTGTAGGGAAAGAGTGTA'
Using Long Clipping Sequence: 'AGATCGGAAGAGCACACGTCTGAACTCCAGTCAC'
ILLUMINACLIP: Using 0 prefix pairs, 2 forward/reverse sequences, 0 forward only sequences, 0 reverse only sequences
Quality encoding detected as phred33
Input Reads: 25074407 Surviving: 24788185 (98.86%) Dropped: 286222 (1.14%)
TrimmomaticSE: Completed successfully
TrimmomaticSE: Started with arguments:
 HY_33_LA_S77_L007_R1_001.fastq.gz HY_33_LA_S77_L007_R1_001.fastq.gz.trim.fq.gz ILLUMINACLIP:TruSeq3-SE.fa:2:30:10 HEADCROP:11 SLIDINGWINDOW:4:5 LEADING:5 TRAILING:5 MINLEN:40
Automatically using 1 threads
Using Long Clipping Sequence: 'AGATCGGAAGAGCGTCGTGTAGGGAAAGAGTGTA'
Using Long Clipping Sequence: 'AGATCGGAAGAGCACACGTCTGAACTCCAGTCAC'
ILLUMINACLIP: Using 0 prefix pairs, 2 forward/reverse sequences, 0 forward only sequences, 0 reverse only sequences
Quality encoding detected as phred33
Input Reads: 30073312 Surviving: 30023864 (99.84%) Dropped: 49448 (0.16%)
TrimmomaticSE: Completed successfully
TrimmomaticSE: Started with arguments:
 HY_33_LC_S90_L008_R1_001.fastq.gz HY_33_LC_S90_L008_R1_001.fastq.gz.trim.fq.gz ILLUMINACLIP:TruSeq3-SE.fa:2:30:10 HEADCROP:11 SLIDINGWINDOW:4:5 LEADING:5 TRAILING:5 MINLEN:40
Automatically using 1 threads
Using Long Clipping Sequence: 'AGATCGGAAGAGCGTCGTGTAGGGAAAGAGTGTA'
Using Long Clipping Sequence: 'AGATCGGAAGAGCACACGTCTGAACTCCAGTCAC'
ILLUMINACLIP: Using 0 prefix pairs, 2 forward/reverse sequences, 0 forward only sequences, 0 reverse only sequences
Quality encoding detected as phred33
Input Reads: 380 Surviving: 380 (100.00%) Dropped: 0 (0.00%)
TrimmomaticSE: Completed successfully
slurmstepd: error: Exceeded step memory limit at some point.
