[2020-04-14 16:44:06,396] multiqc                                            [DEBUG  ]  No MultiQC config found: /net/clusterhn.cluster.com/opt/software/MultiQC/1.7-foss-2018b-Python-2.7.15/lib/python2.7/site-packages/multiqc_config.yaml
[2020-04-14 16:44:06,396] multiqc                                            [DEBUG  ]  No MultiQC config found: /home/meschedl/.multiqc_config.yaml
[2020-04-14 16:44:06,397] multiqc                                            [DEBUG  ]  No MultiQC config found: multiqc_config.yaml
[2020-04-14 16:44:06,397] multiqc                                            [DEBUG  ]  Command used: /opt/software/MultiQC/1.7-foss-2018b-Python-2.7.15/bin/multiqc EL_29_4_C1_S49_L005_R1_001_fastqc.zip EL_29_4_C2_S57_L005_R1_001_fastqc.zip EL_29_4_C3_S64_L006_R1_001_fastqc.zip EL_29_B1_S2_L001_R1_001_fastqc.zip EL_29_B2_S10_L001_R1_001_fastqc.zip EL_29_B3_S18_L002_R1_001_fastqc.zip EL_29_G1_S50_L005_R1_001_fastqc.zip EL_29_G2_S58_L005_R1_001_fastqc.zip EL_29_G3_S65_L006_R1_001_fastqc.zip EL_29_L1_S3_L001_R1_001_fastqc.zip EL_29_L2_S11_L001_R1_001_fastqc.zip EL_29_L3_S19_L002_R1_001_fastqc.zip EL_33_4_C1_S25_L003_R1_001_fastqc.zip EL_33_4_C2_S33_L003_R1_001_fastqc.zip EL_33_4_C3_S41_L004_R1_001_fastqc.zip EL_33_B1_S72_L007_R1_001_fastqc.zip EL_33_B2_S79_L007_R1_001_fastqc.zip EL_33_B3_S85_L008_R1_001_fastqc.zip EL_33_G1_S26_L003_R1_001_fastqc.zip EL_33_G2_S34_L003_R1_001_fastqc.zip EL_33_G3_S42_L004_R1_001_fastqc.zip EL_33_L1_S73_L007_R1_001_fastqc.zip EL_33_L2_S80_L007_R1_001_fastqc.zip EL_33_L3_S86_L008_R1_001_fastqc.zip EL_EGGS_1_S1_L001_R1_001_fastqc.zip EL_EGGS_2_S9_L001_R1_001_fastqc.zip EL_EGGS_3_S17_L002_R1_001_fastqc.zip
[2020-04-14 16:44:06,939] multiqc                                            [WARNING]  MultiQC Version v1.8 now available!
[2020-04-14 16:44:06,940] multiqc                                            [INFO   ]  This is MultiQC v1.7
[2020-04-14 16:44:06,940] multiqc                                            [DEBUG  ]  Command     : /opt/software/MultiQC/1.7-foss-2018b-Python-2.7.15/bin/multiqc EL_29_4_C1_S49_L005_R1_001_fastqc.zip EL_29_4_C2_S57_L005_R1_001_fastqc.zip EL_29_4_C3_S64_L006_R1_001_fastqc.zip EL_29_B1_S2_L001_R1_001_fastqc.zip EL_29_B2_S10_L001_R1_001_fastqc.zip EL_29_B3_S18_L002_R1_001_fastqc.zip EL_29_G1_S50_L005_R1_001_fastqc.zip EL_29_G2_S58_L005_R1_001_fastqc.zip EL_29_G3_S65_L006_R1_001_fastqc.zip EL_29_L1_S3_L001_R1_001_fastqc.zip EL_29_L2_S11_L001_R1_001_fastqc.zip EL_29_L3_S19_L002_R1_001_fastqc.zip EL_33_4_C1_S25_L003_R1_001_fastqc.zip EL_33_4_C2_S33_L003_R1_001_fastqc.zip EL_33_4_C3_S41_L004_R1_001_fastqc.zip EL_33_B1_S72_L007_R1_001_fastqc.zip EL_33_B2_S79_L007_R1_001_fastqc.zip EL_33_B3_S85_L008_R1_001_fastqc.zip EL_33_G1_S26_L003_R1_001_fastqc.zip EL_33_G2_S34_L003_R1_001_fastqc.zip EL_33_G3_S42_L004_R1_001_fastqc.zip EL_33_L1_S73_L007_R1_001_fastqc.zip EL_33_L2_S80_L007_R1_001_fastqc.zip EL_33_L3_S86_L008_R1_001_fastqc.zip EL_EGGS_1_S1_L001_R1_001_fastqc.zip EL_EGGS_2_S9_L001_R1_001_fastqc.zip EL_EGGS_3_S17_L002_R1_001_fastqc.zip
[2020-04-14 16:44:06,940] multiqc                                            [DEBUG  ]  Working dir : /data/pradalab/meschedl/Echinometra/data-QC/EL-before
[2020-04-14 16:44:06,940] multiqc                                            [INFO   ]  Template    : default
[2020-04-14 16:44:06,940] multiqc                                            [INFO   ]  Searching 'EL_29_4_C1_S49_L005_R1_001_fastqc.zip'
[2020-04-14 16:44:06,940] multiqc                                            [INFO   ]  Searching 'EL_29_4_C2_S57_L005_R1_001_fastqc.zip'
[2020-04-14 16:44:06,941] multiqc                                            [INFO   ]  Searching 'EL_29_4_C3_S64_L006_R1_001_fastqc.zip'
[2020-04-14 16:44:06,941] multiqc                                            [INFO   ]  Searching 'EL_29_B1_S2_L001_R1_001_fastqc.zip'
[2020-04-14 16:44:06,941] multiqc                                            [INFO   ]  Searching 'EL_29_B2_S10_L001_R1_001_fastqc.zip'
[2020-04-14 16:44:06,941] multiqc                                            [INFO   ]  Searching 'EL_29_B3_S18_L002_R1_001_fastqc.zip'
[2020-04-14 16:44:06,941] multiqc                                            [INFO   ]  Searching 'EL_29_G1_S50_L005_R1_001_fastqc.zip'
[2020-04-14 16:44:06,941] multiqc                                            [INFO   ]  Searching 'EL_29_G2_S58_L005_R1_001_fastqc.zip'
[2020-04-14 16:44:06,941] multiqc                                            [INFO   ]  Searching 'EL_29_G3_S65_L006_R1_001_fastqc.zip'
[2020-04-14 16:44:06,942] multiqc                                            [INFO   ]  Searching 'EL_29_L1_S3_L001_R1_001_fastqc.zip'
[2020-04-14 16:44:06,942] multiqc                                            [INFO   ]  Searching 'EL_29_L2_S11_L001_R1_001_fastqc.zip'
[2020-04-14 16:44:06,942] multiqc                                            [INFO   ]  Searching 'EL_29_L3_S19_L002_R1_001_fastqc.zip'
[2020-04-14 16:44:06,942] multiqc                                            [INFO   ]  Searching 'EL_33_4_C1_S25_L003_R1_001_fastqc.zip'
[2020-04-14 16:44:06,942] multiqc                                            [INFO   ]  Searching 'EL_33_4_C2_S33_L003_R1_001_fastqc.zip'
[2020-04-14 16:44:06,942] multiqc                                            [INFO   ]  Searching 'EL_33_4_C3_S41_L004_R1_001_fastqc.zip'
[2020-04-14 16:44:06,942] multiqc                                            [INFO   ]  Searching 'EL_33_B1_S72_L007_R1_001_fastqc.zip'
[2020-04-14 16:44:06,942] multiqc                                            [INFO   ]  Searching 'EL_33_B2_S79_L007_R1_001_fastqc.zip'
[2020-04-14 16:44:06,943] multiqc                                            [INFO   ]  Searching 'EL_33_B3_S85_L008_R1_001_fastqc.zip'
[2020-04-14 16:44:06,943] multiqc                                            [INFO   ]  Searching 'EL_33_G1_S26_L003_R1_001_fastqc.zip'
[2020-04-14 16:44:06,943] multiqc                                            [INFO   ]  Searching 'EL_33_G2_S34_L003_R1_001_fastqc.zip'
[2020-04-14 16:44:06,943] multiqc                                            [INFO   ]  Searching 'EL_33_G3_S42_L004_R1_001_fastqc.zip'
[2020-04-14 16:44:06,943] multiqc                                            [INFO   ]  Searching 'EL_33_L1_S73_L007_R1_001_fastqc.zip'
[2020-04-14 16:44:06,943] multiqc                                            [INFO   ]  Searching 'EL_33_L2_S80_L007_R1_001_fastqc.zip'
[2020-04-14 16:44:06,943] multiqc                                            [INFO   ]  Searching 'EL_33_L3_S86_L008_R1_001_fastqc.zip'
[2020-04-14 16:44:06,943] multiqc                                            [INFO   ]  Searching 'EL_EGGS_1_S1_L001_R1_001_fastqc.zip'
[2020-04-14 16:44:06,944] multiqc                                            [INFO   ]  Searching 'EL_EGGS_2_S9_L001_R1_001_fastqc.zip'
[2020-04-14 16:44:06,944] multiqc                                            [INFO   ]  Searching 'EL_EGGS_3_S17_L002_R1_001_fastqc.zip'
[2020-04-14 16:44:06,944] multiqc                                            [DEBUG  ]  Analysing modules: custom_content, conpair, peddy, methylQA, phantompeakqualtools, qualimap, preseq, quast, qorts, rna_seqc, rsem, rseqc, busco, goleft_indexcov, disambiguate, supernova, deeptools, sargasso, verifybamid, mirtrace, happy, homer, macs2, theta2, snpeff, gatk, htseq, bcftools, featureCounts, dedup, damageprofiler, picard, prokka, samblaster, samtools, bamtools, jellyfish, vcftools, longranger, stacks, bbmap, bismark, biscuit, hicexplorer, hicup, hicpro, salmon, kallisto, slamdunk, star, hisat2, tophat, bowtie2, bowtie1, kat, leehom, adapterRemoval, clipandmerge, cutadapt, flexbar, trimmomatic, skewer, sortmerna, biobloomtools, fastq_screen, afterqc, fastp, fastqc, minionqc, clusterflow, bcl2fastq, interop, flash
[2020-04-14 16:44:06,944] multiqc                                            [DEBUG  ]  Using temporary directory for creating report: /tmp/tmppDzuol
[2020-04-14 16:44:11,736] multiqc                                            [DEBUG  ]  No samples found: custom_content
[2020-04-14 16:44:11,747] multiqc                                            [DEBUG  ]  No samples found: conpair
[2020-04-14 16:44:11,758] multiqc                                            [DEBUG  ]  No samples found: peddy
[2020-04-14 16:44:11,768] multiqc                                            [DEBUG  ]  No samples found: methylQA
[2020-04-14 16:44:11,779] multiqc                                            [DEBUG  ]  No samples found: phantompeakqualtools
[2020-04-14 16:44:11,793] multiqc                                            [DEBUG  ]  No samples found: qualimap
[2020-04-14 16:44:11,804] multiqc                                            [DEBUG  ]  No samples found: preseq
[2020-04-14 16:44:11,814] multiqc                                            [DEBUG  ]  No samples found: quast
[2020-04-14 16:44:11,826] multiqc                                            [DEBUG  ]  No samples found: qorts
[2020-04-14 16:44:11,836] multiqc                                            [DEBUG  ]  No samples found: rna_seqc
[2020-04-14 16:44:11,846] multiqc                                            [DEBUG  ]  No samples found: rsem
[2020-04-14 16:44:11,866] multiqc                                            [DEBUG  ]  No samples found: rseqc
[2020-04-14 16:44:11,877] multiqc                                            [DEBUG  ]  No samples found: busco
[2020-04-14 16:44:11,887] multiqc                                            [DEBUG  ]  No samples found: goleft_indexcov
[2020-04-14 16:44:11,897] multiqc                                            [DEBUG  ]  No samples found: disambiguate
[2020-04-14 16:44:11,908] multiqc                                            [DEBUG  ]  No samples found: supernova
[2020-04-14 16:44:11,929] multiqc                                            [DEBUG  ]  No samples found: deeptools
[2020-04-14 16:44:11,939] multiqc                                            [DEBUG  ]  No samples found: sargasso
[2020-04-14 16:44:11,949] multiqc                                            [DEBUG  ]  No samples found: verifybamid
[2020-04-14 16:44:11,961] multiqc                                            [DEBUG  ]  No samples found: mirtrace
[2020-04-14 16:44:11,972] multiqc                                            [DEBUG  ]  No samples found: happy
[2020-04-14 16:44:11,987] multiqc                                            [DEBUG  ]  No samples found: homer
[2020-04-14 16:44:11,997] multiqc                                            [DEBUG  ]  No samples found: macs2
[2020-04-14 16:44:12,007] multiqc                                            [DEBUG  ]  No samples found: theta2
[2020-04-14 16:44:12,018] multiqc                                            [DEBUG  ]  No samples found: snpeff
[2020-04-14 16:44:12,031] multiqc                                            [DEBUG  ]  No samples found: gatk
[2020-04-14 16:44:12,041] multiqc                                            [DEBUG  ]  No samples found: htseq
[2020-04-14 16:44:12,052] multiqc                                            [DEBUG  ]  No samples found: bcftools
[2020-04-14 16:44:12,062] multiqc                                            [DEBUG  ]  No samples found: featureCounts
[2020-04-14 16:44:12,073] multiqc                                            [DEBUG  ]  No samples found: dedup
[2020-04-14 16:44:12,084] multiqc                                            [DEBUG  ]  No samples found: damageprofiler
[2020-04-14 16:44:12,111] multiqc                                            [DEBUG  ]  No samples found: picard
[2020-04-14 16:44:12,121] multiqc                                            [DEBUG  ]  No samples found: prokka
[2020-04-14 16:44:12,132] multiqc                                            [DEBUG  ]  No samples found: samblaster
[2020-04-14 16:44:12,148] multiqc                                            [DEBUG  ]  No samples found: samtools
[2020-04-14 16:44:12,158] multiqc                                            [DEBUG  ]  No samples found: bamtools
[2020-04-14 16:44:12,168] multiqc                                            [DEBUG  ]  No samples found: jellyfish
[2020-04-14 16:44:12,182] multiqc                                            [DEBUG  ]  No samples found: vcftools
[2020-04-14 16:44:12,194] multiqc                                            [DEBUG  ]  No samples found: longranger
[2020-04-14 16:44:12,205] multiqc                                            [DEBUG  ]  No samples found: stacks
[2020-04-14 16:44:12,230] multiqc                                            [DEBUG  ]  No samples found: bbmap
[2020-04-14 16:44:12,241] multiqc                                            [DEBUG  ]  No samples found: bismark
[2020-04-14 16:44:12,253] multiqc                                            [DEBUG  ]  No samples found: biscuit
[2020-04-14 16:44:12,262] multiqc                                            [DEBUG  ]  No samples found: hicexplorer
[2020-04-14 16:44:12,272] multiqc                                            [DEBUG  ]  No samples found: hicup
[2020-04-14 16:44:12,283] multiqc                                            [DEBUG  ]  No samples found: hicpro
[2020-04-14 16:44:12,293] multiqc                                            [DEBUG  ]  No samples found: salmon
[2020-04-14 16:44:12,304] multiqc                                            [DEBUG  ]  No samples found: kallisto
[2020-04-14 16:44:12,314] multiqc                                            [DEBUG  ]  No samples found: slamdunk
[2020-04-14 16:44:12,325] multiqc                                            [DEBUG  ]  No samples found: star
[2020-04-14 16:44:12,336] multiqc                                            [DEBUG  ]  No samples found: hisat2
[2020-04-14 16:44:12,346] multiqc                                            [DEBUG  ]  No samples found: tophat
[2020-04-14 16:44:12,356] multiqc                                            [DEBUG  ]  No samples found: bowtie2
[2020-04-14 16:44:12,367] multiqc                                            [DEBUG  ]  No samples found: bowtie1
[2020-04-14 16:44:12,376] multiqc                                            [DEBUG  ]  No samples found: kat
[2020-04-14 16:44:12,385] multiqc                                            [DEBUG  ]  No samples found: leehom
[2020-04-14 16:44:12,395] multiqc                                            [DEBUG  ]  No samples found: adapterRemoval
[2020-04-14 16:44:12,405] multiqc                                            [DEBUG  ]  No samples found: clipandmerge
[2020-04-14 16:44:12,416] multiqc                                            [DEBUG  ]  No samples found: cutadapt
[2020-04-14 16:44:12,426] multiqc                                            [DEBUG  ]  No samples found: flexbar
[2020-04-14 16:44:12,435] multiqc                                            [DEBUG  ]  No samples found: trimmomatic
[2020-04-14 16:44:12,446] multiqc                                            [DEBUG  ]  No samples found: skewer
[2020-04-14 16:44:12,457] multiqc                                            [DEBUG  ]  No samples found: sortmerna
[2020-04-14 16:44:12,466] multiqc                                            [DEBUG  ]  No samples found: biobloomtools
[2020-04-14 16:44:12,477] multiqc                                            [DEBUG  ]  No samples found: fastq_screen
[2020-04-14 16:44:12,487] multiqc                                            [DEBUG  ]  No samples found: afterqc
[2020-04-14 16:44:12,497] multiqc                                            [DEBUG  ]  No samples found: fastp
[2020-04-14 16:44:17,548] multiqc.modules.fastqc.fastqc                      [INFO   ]  Found 27 reports
[2020-04-14 16:44:19,576] multiqc                                            [DEBUG  ]  No samples found: minionqc
[2020-04-14 16:44:19,588] multiqc                                            [DEBUG  ]  No samples found: clusterflow
[2020-04-14 16:44:19,599] multiqc                                            [DEBUG  ]  No samples found: bcl2fastq
[2020-04-14 16:44:19,610] multiqc                                            [DEBUG  ]  No samples found: interop
[2020-04-14 16:44:19,621] multiqc                                            [DEBUG  ]  No samples found: flash
[2020-04-14 16:44:19,666] multiqc                                            [INFO   ]  Compressing plot data
[2020-04-14 16:44:21,231] multiqc                                            [INFO   ]  Report      : multiqc_report.html
[2020-04-14 16:44:21,231] multiqc                                            [INFO   ]  Data        : multiqc_data
[2020-04-14 16:44:21,318] multiqc                                            [DEBUG  ]  Moving data file from '/tmp/tmppDzuol/multiqc_data/multiqc_general_stats.txt' to '/data/pradalab/meschedl/Echinometra/data-QC/EL-before/multiqc_data'
[2020-04-14 16:44:21,342] multiqc                                            [DEBUG  ]  Moving data file from '/tmp/tmppDzuol/multiqc_data/multiqc_sources.txt' to '/data/pradalab/meschedl/Echinometra/data-QC/EL-before/multiqc_data'
[2020-04-14 16:44:21,361] multiqc                                            [DEBUG  ]  Moving data file from '/tmp/tmppDzuol/multiqc_data/multiqc_fastqc.txt' to '/data/pradalab/meschedl/Echinometra/data-QC/EL-before/multiqc_data'
[2020-04-14 16:44:21,507] multiqc                                            [DEBUG  ]  Moving data file from '/tmp/tmppDzuol/multiqc_data/multiqc_data.json' to '/data/pradalab/meschedl/Echinometra/data-QC/EL-before/multiqc_data'
[2020-04-14 16:44:21,835] multiqc                                            [INFO   ]  MultiQC complete
